[2020-04-30T16:36:03.703-0500] [] [INFO] [NCLS-GFLAUNCHER-00005] [javax.enterprise.launcher] [tid: _ThreadID=1 _ThreadName=main] [timeMillis: 1588282563703] [levelValue: 800] [[
  JVM invocation command line:
/Library/Java/JavaVirtualMachines/jdk1.8.0_251.jdk/Contents/Home/bin/java
-cp
/Users/david.kittle/development/application_servers/glassfish5/glassfish/modules/glassfish.jar
-XX:+UnlockDiagnosticVMOptions
-XX:NewRatio=2
-XX:MaxPermSize=192m
-Xmx512m
-client
-javaagent:/Users/david.kittle/development/application_servers/glassfish5/glassfish/lib/monitor/flashlight-agent.jar
-Djavax.xml.accessExternalSchema=all
-Djavax.net.ssl.trustStore=/Users/david.kittle/development/application_servers/glassfish5/glassfish/domains/domain1/config/cacerts.jks
-Djdk.tls.rejectClientInitiatedRenegotiation=true
-Djdk.corba.allowOutputStreamSubclass=true
-Dfelix.fileinstall.dir=/Users/david.kittle/development/application_servers/glassfish5/glassfish/modules/autostart/
-Dorg.glassfish.additionalOSGiBundlesToStart=org.apache.felix.shell,org.apache.felix.gogo.runtime,org.apache.felix.gogo.shell,org.apache.felix.gogo.command,org.apache.felix.shell.remote,org.apache.felix.fileinstall
-Dcom.sun.aas.installRoot=/Users/david.kittle/development/application_servers/glassfish5/glassfish
-Dfelix.fileinstall.poll=5000
-Djava.endorsed.dirs=/Users/david.kittle/development/application_servers/glassfish5/glassfish/modules/endorsed:/Users/david.kittle/development/application_servers/glassfish5/glassfish/lib/endorsed
-Djava.security.policy=/Users/david.kittle/development/application_servers/glassfish5/glassfish/domains/domain1/config/server.policy
-Dosgi.shell.telnet.maxconn=1
-Dfelix.fileinstall.bundles.startTransient=true
-Dcom.sun.enterprise.config.config_environment_factory_class=com.sun.enterprise.config.serverbeans.AppserverConfigEnvironmentFactory
-Dfelix.fileinstall.log.level=2
-Djavax.net.ssl.keyStore=/Users/david.kittle/development/application_servers/glassfish5/glassfish/domains/domain1/config/keystore.jks
-Djava.security.auth.login.config=/Users/david.kittle/development/application_servers/glassfish5/glassfish/domains/domain1/config/login.conf
-Dfelix.fileinstall.disableConfigSave=false
-Dfelix.fileinstall.bundles.new.start=true
-Dcom.sun.aas.instanceRoot=/Users/david.kittle/development/application_servers/glassfish5/glassfish/domains/domain1
-Dosgi.shell.telnet.port=6666
-Dgosh.args=--nointeractive
-Dcom.sun.enterprise.security.httpsOutboundKeyAlias=s1as
-Dosgi.shell.telnet.ip=127.0.0.1
-DANTLR_USE_DIRECT_CLASS_LOADING=true
-Djava.awt.headless=true
-Dcom.ctc.wstx.returnNullForDefaultNamespace=true
-Djava.ext.dirs=/Library/Java/JavaVirtualMachines/jdk1.8.0_251.jdk/Contents/Home/lib/ext:/Library/Java/JavaVirtualMachines/jdk1.8.0_251.jdk/Contents/Home/jre/lib/ext:/Users/david.kittle/development/application_servers/glassfish5/glassfish/domains/domain1/lib/ext
-Djdbc.drivers=org.apache.derby.jdbc.ClientDriver
-Djava.library.path=/Users/david.kittle/development/application_servers/glassfish5/glassfish/lib:/Users/david.kittle/Library/Java/Extensions:/Library/Java/Extensions:/Network/Library/Java/Extensions:/System/Library/Java/Extensions:/usr/lib/java:/Users/david.kittle/development/application_servers/glassfish5/glassfish/bin
com.sun.enterprise.glassfish.bootstrap.ASMain
-upgrade
false
-domaindir
/Users/david.kittle/development/application_servers/glassfish5/glassfish/domains/domain1
-read-stdin
true
-asadmin-args
--host,,,localhost,,,--port,,,4848,,,--secure=false,,,--terse=false,,,--echo=false,,,--interactive=false,,,start-domain,,,--verbose=false,,,--watchdog=false,,,--debug=false,,,--domaindir,,,/Users/david.kittle/development/application_servers/glassfish5/glassfish/domains,,,domain1
-domainname
domain1
-instancename
server
-type
DAS
-verbose
false
-asadmin-classpath
/Users/david.kittle/development/application_servers/glassfish5/glassfish/lib/client/appserver-cli.jar
-debug
false
-asadmin-classname
com.sun.enterprise.admin.cli.AdminMain]]

[2020-04-30T16:36:07.059-0500] [glassfish 5.0] [INFO] [NCLS-LOGGING-00009] [javax.enterprise.logging] [tid: _ThreadID=26 _ThreadName=RunLevelControllerThread-1588282566957] [timeMillis: 1588282567059] [levelValue: 800] [[
  Running GlassFish Version: GlassFish Server Open Source Edition  5.0.1  (build 5)]]

[2020-04-30T16:36:07.061-0500] [glassfish 5.0] [INFO] [NCLS-LOGGING-00010] [javax.enterprise.logging] [tid: _ThreadID=26 _ThreadName=RunLevelControllerThread-1588282566957] [timeMillis: 1588282567061] [levelValue: 800] [[
  Server log file is using Formatter class: com.sun.enterprise.server.logging.ODLLogFormatter]]

[2020-04-30T16:36:07.174-0500] [glassfish 5.0] [INFO] [NCLS-SECURITY-01115] [javax.enterprise.system.core.security] [tid: _ThreadID=27 _ThreadName=RunLevelControllerThread-1588282566964] [timeMillis: 1588282567174] [levelValue: 800] [[
  Realm [admin-realm] of classtype [com.sun.enterprise.security.auth.realm.file.FileRealm] successfully created.]]

[2020-04-30T16:36:07.176-0500] [glassfish 5.0] [INFO] [NCLS-SECURITY-01115] [javax.enterprise.system.core.security] [tid: _ThreadID=27 _ThreadName=RunLevelControllerThread-1588282566964] [timeMillis: 1588282567176] [levelValue: 800] [[
  Realm [file] of classtype [com.sun.enterprise.security.auth.realm.file.FileRealm] successfully created.]]

[2020-04-30T16:36:07.179-0500] [glassfish 5.0] [INFO] [NCLS-SECURITY-01115] [javax.enterprise.system.core.security] [tid: _ThreadID=27 _ThreadName=RunLevelControllerThread-1588282566964] [timeMillis: 1588282567179] [levelValue: 800] [[
  Realm [certificate] of classtype [com.sun.enterprise.security.auth.realm.certificate.CertificateRealm] successfully created.]]

[2020-04-30T16:36:07.429-0500] [glassfish 5.0] [INFO] [SEC-SVCS-00100] [javax.enterprise.security.services] [tid: _ThreadID=28 _ThreadName=RunLevelControllerThread-1588282566964] [timeMillis: 1588282567429] [levelValue: 800] [[
  Authorization Service has successfully initialized.]]

[2020-04-30T16:36:07.430-0500] [glassfish 5.0] [INFO] [] [org.glassfish.ha.store.spi.BackingStoreFactoryRegistry] [tid: _ThreadID=25 _ThreadName=RunLevelControllerThread-1588282566956] [timeMillis: 1588282567430] [levelValue: 800] [[
  Registered org.glassfish.ha.store.adapter.cache.ShoalBackingStoreProxy for persistence-type = replicated in BackingStoreFactoryRegistry]]

[2020-04-30T16:36:07.473-0500] [glassfish 5.0] [INFO] [] [org.hibernate.validator.internal.util.Version] [tid: _ThreadID=28 _ThreadName=RunLevelControllerThread-1588282566964] [timeMillis: 1588282567473] [levelValue: 800] [[
  HV000001: Hibernate Validator 6.0.10.Final]]

[2020-04-30T16:36:07.594-0500] [glassfish 5.0] [INFO] [NCLS-CORE-00087] [javax.enterprise.system.core] [tid: _ThreadID=27 _ThreadName=RunLevelControllerThread-1588282566964] [timeMillis: 1588282567594] [levelValue: 800] [[
  Grizzly Framework 2.4.3 started in: 42ms - bound to [/0.0.0.0:8080]]]

[2020-04-30T16:36:07.618-0500] [glassfish 5.0] [INFO] [NCLS-CORE-00087] [javax.enterprise.system.core] [tid: _ThreadID=27 _ThreadName=RunLevelControllerThread-1588282566964] [timeMillis: 1588282567618] [levelValue: 800] [[
  Grizzly Framework 2.4.3 started in: 1ms - bound to [/0.0.0.0:8181]]]

[2020-04-30T16:36:07.624-0500] [glassfish 5.0] [INFO] [NCLS-CORE-00087] [javax.enterprise.system.core] [tid: _ThreadID=27 _ThreadName=RunLevelControllerThread-1588282566964] [timeMillis: 1588282567624] [levelValue: 800] [[
  Grizzly Framework 2.4.3 started in: 1ms - bound to [/0.0.0.0:4848]]]

[2020-04-30T16:36:07.675-0500] [glassfish 5.0] [INFO] [NCLS-CORE-00087] [javax.enterprise.system.core] [tid: _ThreadID=26 _ThreadName=RunLevelControllerThread-1588282566957] [timeMillis: 1588282567675] [levelValue: 800] [[
  Grizzly Framework 2.4.3 started in: 1ms - bound to [/0.0.0.0:3700]]]

[2020-04-30T16:36:07.902-0500] [glassfish 5.0] [INFO] [NCLS-CORE-00017] [javax.enterprise.system.core] [tid: _ThreadID=1 _ThreadName=main] [timeMillis: 1588282567902] [levelValue: 800] [[
  GlassFish Server Open Source Edition  5.0.1  (5) startup time : Felix (2,963ms), startup services(953ms), total(3,916ms)]]

[2020-04-30T16:36:08.063-0500] [glassfish 5.0] [INFO] [jts.startup_msg] [javax.enterprise.system.core.transaction.com.sun.jts.CosTransactions] [tid: _ThreadID=27 _ThreadName=RunLevelControllerThread-1588282566964] [timeMillis: 1588282568063] [levelValue: 800] [[
  JTS5014: Recoverable JTS instance, serverId = [100]]]

[2020-04-30T16:36:08.109-0500] [glassfish 5.0] [INFO] [NCLS-BOOTSTRAP-00027] [javax.enterprise.bootstrap] [tid: _ThreadID=1 _ThreadName=main] [timeMillis: 1588282568109] [levelValue: 800] [[
  Registered com.sun.enterprise.glassfish.bootstrap.osgi.EmbeddedOSGiGlassFishImpl@5b852b49 as OSGi service registration: org.apache.felix.framework.ServiceRegistrationImpl@cdb2d95.]]

[2020-04-30T16:36:08.137-0500] [glassfish 5.0] [INFO] [NCLS-JMX-00005] [javax.enterprise.system.jmx] [tid: _ThreadID=69 _ThreadName=Thread-14] [timeMillis: 1588282568137] [levelValue: 800] [[
  JMXStartupService has started JMXConnector on JMXService URL service:jmx:rmi://davidkijamfsmbp.lan:8686/jndi/rmi://davidkijamfsmbp.lan:8686/jmxrmi]]

[2020-04-30T16:36:08.182-0500] [glassfish 5.0] [INFO] [] [org.jvnet.hk2.osgiadapter] [tid: _ThreadID=20 _ThreadName=FelixStartLevel] [timeMillis: 1588282568182] [levelValue: 800] [[
  Skipping registration of inhabitant for service reference [org.osgi.service.cm.ManagedService] as the service object could not be obtained.]]

[2020-04-30T16:36:08.183-0500] [glassfish 5.0] [INFO] [] [org.jvnet.hk2.osgiadapter] [tid: _ThreadID=20 _ThreadName=FelixStartLevel] [timeMillis: 1588282568183] [levelValue: 800] [[
  Skipping registration of inhabitant for service reference [org.osgi.service.metatype.MetaTypeProvider] as the service object could not be obtained.]]

[2020-04-30T16:36:08.476-0500] [glassfish 5.0] [INFO] [] [javax.enterprise.system.tools.deployment.common] [tid: _ThreadID=50 _ThreadName=admin-listener(1)] [timeMillis: 1588282568476] [levelValue: 800] [[
  visiting unvisited references]]

[2020-04-30T16:36:08.772-0500] [glassfish 5.0] [INFO] [NCLS-SECURITY-01002] [javax.enterprise.system.core.security] [tid: _ThreadID=50 _ThreadName=admin-listener(1)] [timeMillis: 1588282568772] [levelValue: 800] [[
  Java security manager is disabled.]]

[2020-04-30T16:36:08.773-0500] [glassfish 5.0] [INFO] [NCLS-SECURITY-01010] [javax.enterprise.system.core.security] [tid: _ThreadID=50 _ThreadName=admin-listener(1)] [timeMillis: 1588282568773] [levelValue: 800] [[
  Entering Security Startup Service.]]

[2020-04-30T16:36:08.776-0500] [glassfish 5.0] [INFO] [NCLS-SECURITY-01143] [javax.enterprise.system.core.security] [tid: _ThreadID=50 _ThreadName=admin-listener(1)] [timeMillis: 1588282568776] [levelValue: 800] [[
  Loading policy provider com.sun.enterprise.security.provider.PolicyWrapper.]]

[2020-04-30T16:36:08.837-0500] [glassfish 5.0] [INFO] [NCLS-SECURITY-01011] [javax.enterprise.system.core.security] [tid: _ThreadID=50 _ThreadName=admin-listener(1)] [timeMillis: 1588282568837] [levelValue: 800] [[
  Security Service(s) started successfully.]]

[2020-04-30T16:36:09.122-0500] [glassfish 5.0] [INFO] [AS-WEB-GLUE-00198] [javax.enterprise.web] [tid: _ThreadID=50 _ThreadName=admin-listener(1)] [timeMillis: 1588282569122] [levelValue: 800] [[
  Created HTTP listener http-listener-1 on host/port 0.0.0.0:8080]]

[2020-04-30T16:36:09.129-0500] [glassfish 5.0] [INFO] [AS-WEB-GLUE-00198] [javax.enterprise.web] [tid: _ThreadID=50 _ThreadName=admin-listener(1)] [timeMillis: 1588282569129] [levelValue: 800] [[
  Created HTTP listener http-listener-2 on host/port 0.0.0.0:8181]]

[2020-04-30T16:36:09.131-0500] [glassfish 5.0] [INFO] [AS-WEB-GLUE-00198] [javax.enterprise.web] [tid: _ThreadID=50 _ThreadName=admin-listener(1)] [timeMillis: 1588282569131] [levelValue: 800] [[
  Created HTTP listener admin-listener on host/port 0.0.0.0:4848]]

[2020-04-30T16:36:09.157-0500] [glassfish 5.0] [INFO] [AS-WEB-GLUE-00200] [javax.enterprise.web] [tid: _ThreadID=50 _ThreadName=admin-listener(1)] [timeMillis: 1588282569157] [levelValue: 800] [[
  Created virtual server server]]

[2020-04-30T16:36:09.160-0500] [glassfish 5.0] [INFO] [AS-WEB-GLUE-00200] [javax.enterprise.web] [tid: _ThreadID=50 _ThreadName=admin-listener(1)] [timeMillis: 1588282569160] [levelValue: 800] [[
  Created virtual server __asadmin]]

[2020-04-30T16:36:09.423-0500] [glassfish 5.0] [INFO] [AS-WEB-CORE-00306] [javax.enterprise.web.core] [tid: _ThreadID=50 _ThreadName=admin-listener(1)] [timeMillis: 1588282569423] [levelValue: 800] [[
  Setting JAAS app name glassfish-web]]

[2020-04-30T16:36:09.424-0500] [glassfish 5.0] [INFO] [AS-WEB-GLUE-00201] [javax.enterprise.web] [tid: _ThreadID=50 _ThreadName=admin-listener(1)] [timeMillis: 1588282569424] [levelValue: 800] [[
  Virtual server server loaded default web module ]]

[2020-04-30T16:36:09.946-0500] [glassfish 5.0] [INFO] [] [javax.enterprise.system.tools.deployment.common] [tid: _ThreadID=50 _ThreadName=admin-listener(1)] [timeMillis: 1588282569946] [levelValue: 800] [[
  visiting unvisited references]]

[2020-04-30T16:36:09.948-0500] [glassfish 5.0] [INFO] [] [javax.enterprise.system.tools.deployment.common] [tid: _ThreadID=50 _ThreadName=admin-listener(1)] [timeMillis: 1588282569948] [levelValue: 800] [[
  visiting unvisited references]]

[2020-04-30T16:36:10.095-0500] [glassfish 5.0] [INFO] [AS-WEB-GLUE-00172] [javax.enterprise.web] [tid: _ThreadID=50 _ThreadName=admin-listener(1)] [timeMillis: 1588282570095] [levelValue: 800] [[
  Loading application [JavaEEHelloWorld_war_exploded] at [/JavaEEHelloWorld_war_exploded]]]

[2020-04-30T16:36:10.162-0500] [glassfish 5.0] [INFO] [] [javax.enterprise.system.core] [tid: _ThreadID=50 _ThreadName=admin-listener(1)] [timeMillis: 1588282570162] [levelValue: 800] [[
  JavaEEHelloWorld_war_exploded was successfully deployed in 1,930 milliseconds.]]

[2020-04-30T16:37:14.233-0500] [glassfish 5.0] [INFO] [NCLS-REST-00001] [javax.enterprise.admin.rest] [tid: _ThreadID=52 _ThreadName=admin-listener(3)] [timeMillis: 1588282634233] [levelValue: 800] [[
  Listening to REST requests at context: /command/domain.]]

[2020-04-30T16:37:14.373-0500] [glassfish 5.0] [INFO] [NCLS-CORE-00092] [javax.enterprise.system.core] [tid: _ThreadID=137 _ThreadName=Thread-34] [timeMillis: 1588282634373] [levelValue: 800] [[
  Server shutdown initiated]]

[2020-04-30T16:37:14.385-0500] [glassfish 5.0] [INFO] [NCLS-BOOTSTRAP-00028] [javax.enterprise.bootstrap] [tid: _ThreadID=137 _ThreadName=Thread-34] [timeMillis: 1588282634385] [levelValue: 800] [[
  Unregistered com.sun.enterprise.glassfish.bootstrap.osgi.EmbeddedOSGiGlassFishImpl@5b852b49 from service registry.]]

[2020-04-30T16:37:14.386-0500] [glassfish 5.0] [INFO] [] [] [tid: _ThreadID=137 _ThreadName=Thread-8] [timeMillis: 1588282634386] [levelValue: 800] [[
  FileMonitoring shutdown]]

[2020-04-30T16:37:14.483-0500] [glassfish 5.0] [INFO] [NCLS-JMX-00002] [javax.enterprise.system.jmx] [tid: _ThreadID=137 _ThreadName=Thread-34] [timeMillis: 1588282634483] [levelValue: 800] [[
  JMXStartupService: Stopped JMXConnectorServer: null]]

[2020-04-30T16:37:14.483-0500] [glassfish 5.0] [INFO] [NCLS-JMX-00001] [javax.enterprise.system.jmx] [tid: _ThreadID=137 _ThreadName=Thread-34] [timeMillis: 1588282634483] [levelValue: 800] [[
  JMXStartupService and JMXConnectors have been shut down.]]

[2020-04-30T16:37:14.529-0500] [glassfish 5.0] [INFO] [] [] [tid: _ThreadID=143 _ThreadName=Thread-8] [timeMillis: 1588282634529] [levelValue: 800] [[
  JdbcRuntimeExtension,  getAllSystemRAResourcesAndPools = [GlassFishConfigBean.org.glassfish.jdbc.config.JdbcResource, GlassFishConfigBean.org.glassfish.jdbc.config.JdbcResource, GlassFishConfigBean.org.glassfish.jdbc.config.JdbcConnectionPool, GlassFishConfigBean.org.glassfish.jdbc.config.JdbcConnectionPool]]]

[2020-04-30T16:37:22.442-0500] [] [INFO] [NCLS-GFLAUNCHER-00005] [javax.enterprise.launcher] [tid: _ThreadID=1 _ThreadName=main] [timeMillis: 1588282642442] [levelValue: 800] [[
  JVM invocation command line:
/Library/Java/JavaVirtualMachines/jdk1.8.0_251.jdk/Contents/Home/bin/java
-cp
/Users/david.kittle/development/application_servers/glassfish5/glassfish/modules/glassfish.jar
-XX:+UnlockDiagnosticVMOptions
-XX:NewRatio=2
-XX:MaxPermSize=192m
-Xmx512m
-client
-javaagent:/Users/david.kittle/development/application_servers/glassfish5/glassfish/lib/monitor/flashlight-agent.jar
-Djavax.xml.accessExternalSchema=all
-Djavax.net.ssl.trustStore=/Users/david.kittle/development/application_servers/glassfish5/glassfish/domains/domain1/config/cacerts.jks
-Djdk.tls.rejectClientInitiatedRenegotiation=true
-Djdk.corba.allowOutputStreamSubclass=true
-Dfelix.fileinstall.dir=/Users/david.kittle/development/application_servers/glassfish5/glassfish/modules/autostart/
-Dorg.glassfish.additionalOSGiBundlesToStart=org.apache.felix.shell,org.apache.felix.gogo.runtime,org.apache.felix.gogo.shell,org.apache.felix.gogo.command,org.apache.felix.shell.remote,org.apache.felix.fileinstall
-Dcom.sun.aas.installRoot=/Users/david.kittle/development/application_servers/glassfish5/glassfish
-Dfelix.fileinstall.poll=5000
-Djava.endorsed.dirs=/Users/david.kittle/development/application_servers/glassfish5/glassfish/modules/endorsed:/Users/david.kittle/development/application_servers/glassfish5/glassfish/lib/endorsed
-Djava.security.policy=/Users/david.kittle/development/application_servers/glassfish5/glassfish/domains/domain1/config/server.policy
-Dosgi.shell.telnet.maxconn=1
-Dfelix.fileinstall.bundles.startTransient=true
-Dcom.sun.enterprise.config.config_environment_factory_class=com.sun.enterprise.config.serverbeans.AppserverConfigEnvironmentFactory
-Dfelix.fileinstall.log.level=2
-Djavax.net.ssl.keyStore=/Users/david.kittle/development/application_servers/glassfish5/glassfish/domains/domain1/config/keystore.jks
-Djava.security.auth.login.config=/Users/david.kittle/development/application_servers/glassfish5/glassfish/domains/domain1/config/login.conf
-Dfelix.fileinstall.disableConfigSave=false
-Dfelix.fileinstall.bundles.new.start=true
-Dcom.sun.aas.instanceRoot=/Users/david.kittle/development/application_servers/glassfish5/glassfish/domains/domain1
-Dosgi.shell.telnet.port=6666
-Dgosh.args=--nointeractive
-Dcom.sun.enterprise.security.httpsOutboundKeyAlias=s1as
-Dosgi.shell.telnet.ip=127.0.0.1
-DANTLR_USE_DIRECT_CLASS_LOADING=true
-Djava.awt.headless=true
-Dcom.ctc.wstx.returnNullForDefaultNamespace=true
-Djava.ext.dirs=/Library/Java/JavaVirtualMachines/jdk1.8.0_251.jdk/Contents/Home/lib/ext:/Library/Java/JavaVirtualMachines/jdk1.8.0_251.jdk/Contents/Home/jre/lib/ext:/Users/david.kittle/development/application_servers/glassfish5/glassfish/domains/domain1/lib/ext
-Djdbc.drivers=org.apache.derby.jdbc.ClientDriver
-Djava.library.path=/Users/david.kittle/development/application_servers/glassfish5/glassfish/lib:/Users/david.kittle/Library/Java/Extensions:/Library/Java/Extensions:/Network/Library/Java/Extensions:/System/Library/Java/Extensions:/usr/lib/java:/Users/david.kittle/development/application_servers/glassfish5/glassfish/bin
com.sun.enterprise.glassfish.bootstrap.ASMain
-upgrade
false
-domaindir
/Users/david.kittle/development/application_servers/glassfish5/glassfish/domains/domain1
-read-stdin
true
-asadmin-args
--host,,,localhost,,,--port,,,4848,,,--secure=false,,,--terse=false,,,--echo=false,,,--interactive=false,,,start-domain,,,--verbose=false,,,--watchdog=false,,,--debug=false,,,--domaindir,,,/Users/david.kittle/development/application_servers/glassfish5/glassfish/domains,,,domain1
-domainname
domain1
-instancename
server
-type
DAS
-verbose
false
-asadmin-classpath
/Users/david.kittle/development/application_servers/glassfish5/glassfish/lib/client/appserver-cli.jar
-debug
false
-asadmin-classname
com.sun.enterprise.admin.cli.AdminMain]]

[2020-04-30T16:37:24.276-0500] [glassfish 5.0] [INFO] [NCLS-LOGGING-00009] [javax.enterprise.logging] [tid: _ThreadID=26 _ThreadName=RunLevelControllerThread-1588282644204] [timeMillis: 1588282644276] [levelValue: 800] [[
  Running GlassFish Version: GlassFish Server Open Source Edition  5.0.1  (build 5)]]

[2020-04-30T16:37:24.277-0500] [glassfish 5.0] [INFO] [NCLS-LOGGING-00010] [javax.enterprise.logging] [tid: _ThreadID=26 _ThreadName=RunLevelControllerThread-1588282644204] [timeMillis: 1588282644277] [levelValue: 800] [[
  Server log file is using Formatter class: com.sun.enterprise.server.logging.ODLLogFormatter]]

[2020-04-30T16:37:24.349-0500] [glassfish 5.0] [INFO] [NCLS-SECURITY-01115] [javax.enterprise.system.core.security] [tid: _ThreadID=27 _ThreadName=RunLevelControllerThread-1588282644208] [timeMillis: 1588282644349] [levelValue: 800] [[
  Realm [admin-realm] of classtype [com.sun.enterprise.security.auth.realm.file.FileRealm] successfully created.]]

[2020-04-30T16:37:24.351-0500] [glassfish 5.0] [INFO] [NCLS-SECURITY-01115] [javax.enterprise.system.core.security] [tid: _ThreadID=27 _ThreadName=RunLevelControllerThread-1588282644208] [timeMillis: 1588282644351] [levelValue: 800] [[
  Realm [file] of classtype [com.sun.enterprise.security.auth.realm.file.FileRealm] successfully created.]]

[2020-04-30T16:37:24.354-0500] [glassfish 5.0] [INFO] [NCLS-SECURITY-01115] [javax.enterprise.system.core.security] [tid: _ThreadID=27 _ThreadName=RunLevelControllerThread-1588282644208] [timeMillis: 1588282644354] [levelValue: 800] [[
  Realm [certificate] of classtype [com.sun.enterprise.security.auth.realm.certificate.CertificateRealm] successfully created.]]

[2020-04-30T16:37:24.550-0500] [glassfish 5.0] [INFO] [SEC-SVCS-00100] [javax.enterprise.security.services] [tid: _ThreadID=26 _ThreadName=RunLevelControllerThread-1588282644204] [timeMillis: 1588282644550] [levelValue: 800] [[
  Authorization Service has successfully initialized.]]

[2020-04-30T16:37:24.551-0500] [glassfish 5.0] [INFO] [] [org.glassfish.ha.store.spi.BackingStoreFactoryRegistry] [tid: _ThreadID=28 _ThreadName=RunLevelControllerThread-1588282644208] [timeMillis: 1588282644551] [levelValue: 800] [[
  Registered org.glassfish.ha.store.adapter.cache.ShoalBackingStoreProxy for persistence-type = replicated in BackingStoreFactoryRegistry]]

[2020-04-30T16:37:24.674-0500] [glassfish 5.0] [INFO] [NCLS-CORE-00087] [javax.enterprise.system.core] [tid: _ThreadID=27 _ThreadName=RunLevelControllerThread-1588282644208] [timeMillis: 1588282644674] [levelValue: 800] [[
  Grizzly Framework 2.4.3 started in: 29ms - bound to [/0.0.0.0:8080]]]

[2020-04-30T16:37:24.690-0500] [glassfish 5.0] [INFO] [NCLS-CORE-00087] [javax.enterprise.system.core] [tid: _ThreadID=27 _ThreadName=RunLevelControllerThread-1588282644208] [timeMillis: 1588282644690] [levelValue: 800] [[
  Grizzly Framework 2.4.3 started in: 0ms - bound to [/0.0.0.0:8181]]]

[2020-04-30T16:37:24.695-0500] [glassfish 5.0] [INFO] [NCLS-CORE-00087] [javax.enterprise.system.core] [tid: _ThreadID=27 _ThreadName=RunLevelControllerThread-1588282644208] [timeMillis: 1588282644695] [levelValue: 800] [[
  Grizzly Framework 2.4.3 started in: 0ms - bound to [/0.0.0.0:4848]]]

[2020-04-30T16:37:24.721-0500] [glassfish 5.0] [INFO] [NCLS-CORE-00087] [javax.enterprise.system.core] [tid: _ThreadID=28 _ThreadName=RunLevelControllerThread-1588282644208] [timeMillis: 1588282644721] [levelValue: 800] [[
  Grizzly Framework 2.4.3 started in: 1ms - bound to [/0.0.0.0:3700]]]

[2020-04-30T16:37:24.721-0500] [glassfish 5.0] [INFO] [NCLS-CORE-00017] [javax.enterprise.system.core] [tid: _ThreadID=1 _ThreadName=main] [timeMillis: 1588282644721] [levelValue: 800] [[
  GlassFish Server Open Source Edition  5.0.1  (5) startup time : Felix (1,562ms), startup services(522ms), total(2,084ms)]]

[2020-04-30T16:37:24.814-0500] [glassfish 5.0] [INFO] [jts.startup_msg] [javax.enterprise.system.core.transaction.com.sun.jts.CosTransactions] [tid: _ThreadID=26 _ThreadName=RunLevelControllerThread-1588282644204] [timeMillis: 1588282644814] [levelValue: 800] [[
  JTS5014: Recoverable JTS instance, serverId = [100]]]

[2020-04-30T16:37:24.839-0500] [glassfish 5.0] [INFO] [NCLS-BOOTSTRAP-00027] [javax.enterprise.bootstrap] [tid: _ThreadID=1 _ThreadName=main] [timeMillis: 1588282644839] [levelValue: 800] [[
  Registered com.sun.enterprise.glassfish.bootstrap.osgi.EmbeddedOSGiGlassFishImpl@261d8190 as OSGi service registration: org.apache.felix.framework.ServiceRegistrationImpl@34448e6c.]]

[2020-04-30T16:37:24.870-0500] [glassfish 5.0] [INFO] [NCLS-JMX-00005] [javax.enterprise.system.jmx] [tid: _ThreadID=62 _ThreadName=Thread-14] [timeMillis: 1588282644870] [levelValue: 800] [[
  JMXStartupService has started JMXConnector on JMXService URL service:jmx:rmi://davidkijamfsmbp.lan:8686/jndi/rmi://davidkijamfsmbp.lan:8686/jmxrmi]]

[2020-04-30T16:37:24.870-0500] [glassfish 5.0] [INFO] [] [org.jvnet.hk2.osgiadapter] [tid: _ThreadID=20 _ThreadName=FelixStartLevel] [timeMillis: 1588282644870] [levelValue: 800] [[
  Skipping registration of inhabitant for service reference [org.osgi.service.cm.ManagedService] as the service object could not be obtained.]]

[2020-04-30T16:37:24.871-0500] [glassfish 5.0] [INFO] [] [org.jvnet.hk2.osgiadapter] [tid: _ThreadID=20 _ThreadName=FelixStartLevel] [timeMillis: 1588282644871] [levelValue: 800] [[
  Skipping registration of inhabitant for service reference [org.osgi.service.metatype.MetaTypeProvider] as the service object could not be obtained.]]

[2020-04-30T16:37:25.357-0500] [glassfish 5.0] [INFO] [] [org.hibernate.validator.internal.util.Version] [tid: _ThreadID=51 _ThreadName=admin-listener(1)] [timeMillis: 1588282645357] [levelValue: 800] [[
  HV000001: Hibernate Validator 6.0.10.Final]]

[2020-04-30T16:37:25.881-0500] [glassfish 5.0] [INFO] [] [javax.enterprise.system.tools.deployment.common] [tid: _ThreadID=53 _ThreadName=admin-listener(3)] [timeMillis: 1588282645881] [levelValue: 800] [[
  visiting unvisited references]]

[2020-04-30T16:37:26.080-0500] [glassfish 5.0] [INFO] [NCLS-SECURITY-01002] [javax.enterprise.system.core.security] [tid: _ThreadID=53 _ThreadName=admin-listener(3)] [timeMillis: 1588282646080] [levelValue: 800] [[
  Java security manager is disabled.]]

[2020-04-30T16:37:26.080-0500] [glassfish 5.0] [INFO] [NCLS-SECURITY-01010] [javax.enterprise.system.core.security] [tid: _ThreadID=53 _ThreadName=admin-listener(3)] [timeMillis: 1588282646080] [levelValue: 800] [[
  Entering Security Startup Service.]]

[2020-04-30T16:37:26.083-0500] [glassfish 5.0] [INFO] [NCLS-SECURITY-01143] [javax.enterprise.system.core.security] [tid: _ThreadID=53 _ThreadName=admin-listener(3)] [timeMillis: 1588282646083] [levelValue: 800] [[
  Loading policy provider com.sun.enterprise.security.provider.PolicyWrapper.]]

[2020-04-30T16:37:26.108-0500] [glassfish 5.0] [INFO] [NCLS-SECURITY-01011] [javax.enterprise.system.core.security] [tid: _ThreadID=53 _ThreadName=admin-listener(3)] [timeMillis: 1588282646108] [levelValue: 800] [[
  Security Service(s) started successfully.]]

[2020-04-30T16:37:26.259-0500] [glassfish 5.0] [INFO] [AS-WEB-GLUE-00198] [javax.enterprise.web] [tid: _ThreadID=53 _ThreadName=admin-listener(3)] [timeMillis: 1588282646259] [levelValue: 800] [[
  Created HTTP listener http-listener-1 on host/port 0.0.0.0:8080]]

[2020-04-30T16:37:26.263-0500] [glassfish 5.0] [INFO] [AS-WEB-GLUE-00198] [javax.enterprise.web] [tid: _ThreadID=53 _ThreadName=admin-listener(3)] [timeMillis: 1588282646263] [levelValue: 800] [[
  Created HTTP listener http-listener-2 on host/port 0.0.0.0:8181]]

[2020-04-30T16:37:26.265-0500] [glassfish 5.0] [INFO] [AS-WEB-GLUE-00198] [javax.enterprise.web] [tid: _ThreadID=53 _ThreadName=admin-listener(3)] [timeMillis: 1588282646265] [levelValue: 800] [[
  Created HTTP listener admin-listener on host/port 0.0.0.0:4848]]

[2020-04-30T16:37:26.281-0500] [glassfish 5.0] [INFO] [AS-WEB-GLUE-00200] [javax.enterprise.web] [tid: _ThreadID=53 _ThreadName=admin-listener(3)] [timeMillis: 1588282646281] [levelValue: 800] [[
  Created virtual server server]]

[2020-04-30T16:37:26.282-0500] [glassfish 5.0] [INFO] [AS-WEB-GLUE-00200] [javax.enterprise.web] [tid: _ThreadID=53 _ThreadName=admin-listener(3)] [timeMillis: 1588282646282] [levelValue: 800] [[
  Created virtual server __asadmin]]

[2020-04-30T16:37:26.437-0500] [glassfish 5.0] [INFO] [AS-WEB-CORE-00306] [javax.enterprise.web.core] [tid: _ThreadID=53 _ThreadName=admin-listener(3)] [timeMillis: 1588282646437] [levelValue: 800] [[
  Setting JAAS app name glassfish-web]]

[2020-04-30T16:37:26.438-0500] [glassfish 5.0] [INFO] [AS-WEB-GLUE-00201] [javax.enterprise.web] [tid: _ThreadID=53 _ThreadName=admin-listener(3)] [timeMillis: 1588282646438] [levelValue: 800] [[
  Virtual server server loaded default web module ]]

[2020-04-30T16:37:26.833-0500] [glassfish 5.0] [INFO] [] [javax.enterprise.system.tools.deployment.common] [tid: _ThreadID=53 _ThreadName=admin-listener(3)] [timeMillis: 1588282646833] [levelValue: 800] [[
  visiting unvisited references]]

[2020-04-30T16:37:26.835-0500] [glassfish 5.0] [INFO] [] [javax.enterprise.system.tools.deployment.common] [tid: _ThreadID=53 _ThreadName=admin-listener(3)] [timeMillis: 1588282646835] [levelValue: 800] [[
  visiting unvisited references]]

[2020-04-30T16:37:26.982-0500] [glassfish 5.0] [INFO] [AS-WEB-GLUE-00172] [javax.enterprise.web] [tid: _ThreadID=53 _ThreadName=admin-listener(3)] [timeMillis: 1588282646982] [levelValue: 800] [[
  Loading application [JavaEEHelloWorld_war_exploded] at [/JavaEEHelloWorld_war_exploded]]]

[2020-04-30T16:37:27.078-0500] [glassfish 5.0] [INFO] [] [javax.enterprise.system.core] [tid: _ThreadID=53 _ThreadName=admin-listener(3)] [timeMillis: 1588282647078] [levelValue: 800] [[
  JavaEEHelloWorld_war_exploded was successfully deployed in 1,405 milliseconds.]]

[2020-04-30T16:37:37.237-0500] [glassfish 5.0] [INFO] [NCLS-REST-00001] [javax.enterprise.admin.rest] [tid: _ThreadID=54 _ThreadName=admin-listener(4)] [timeMillis: 1588282657237] [levelValue: 800] [[
  Listening to REST requests at context: /command/domain.]]

[2020-04-30T16:37:37.334-0500] [glassfish 5.0] [INFO] [NCLS-CORE-00092] [javax.enterprise.system.core] [tid: _ThreadID=120 _ThreadName=Thread-34] [timeMillis: 1588282657334] [levelValue: 800] [[
  Server shutdown initiated]]

[2020-04-30T16:37:37.342-0500] [glassfish 5.0] [INFO] [NCLS-BOOTSTRAP-00028] [javax.enterprise.bootstrap] [tid: _ThreadID=120 _ThreadName=Thread-34] [timeMillis: 1588282657342] [levelValue: 800] [[
  Unregistered com.sun.enterprise.glassfish.bootstrap.osgi.EmbeddedOSGiGlassFishImpl@261d8190 from service registry.]]

[2020-04-30T16:37:37.343-0500] [glassfish 5.0] [INFO] [] [] [tid: _ThreadID=120 _ThreadName=Thread-8] [timeMillis: 1588282657343] [levelValue: 800] [[
  FileMonitoring shutdown]]

[2020-04-30T16:37:37.345-0500] [glassfish 5.0] [INFO] [NCLS-JMX-00002] [javax.enterprise.system.jmx] [tid: _ThreadID=120 _ThreadName=Thread-34] [timeMillis: 1588282657345] [levelValue: 800] [[
  JMXStartupService: Stopped JMXConnectorServer: null]]

[2020-04-30T16:37:37.345-0500] [glassfish 5.0] [INFO] [NCLS-JMX-00001] [javax.enterprise.system.jmx] [tid: _ThreadID=120 _ThreadName=Thread-34] [timeMillis: 1588282657345] [levelValue: 800] [[
  JMXStartupService and JMXConnectors have been shut down.]]

[2020-04-30T16:37:37.394-0500] [glassfish 5.0] [INFO] [] [] [tid: _ThreadID=25 _ThreadName=Thread-8] [timeMillis: 1588282657394] [levelValue: 800] [[
  JdbcRuntimeExtension,  getAllSystemRAResourcesAndPools = [GlassFishConfigBean.org.glassfish.jdbc.config.JdbcResource, GlassFishConfigBean.org.glassfish.jdbc.config.JdbcResource, GlassFishConfigBean.org.glassfish.jdbc.config.JdbcConnectionPool, GlassFishConfigBean.org.glassfish.jdbc.config.JdbcConnectionPool]]]

[2020-04-30T16:38:19.064-0500] [] [INFO] [NCLS-GFLAUNCHER-00005] [javax.enterprise.launcher] [tid: _ThreadID=1 _ThreadName=main] [timeMillis: 1588282699064] [levelValue: 800] [[
  JVM invocation command line:
/Library/Java/JavaVirtualMachines/jdk1.8.0_251.jdk/Contents/Home/bin/java
-cp
/Users/david.kittle/development/application_servers/glassfish5/glassfish/modules/glassfish.jar
-XX:+UnlockDiagnosticVMOptions
-XX:NewRatio=2
-XX:MaxPermSize=192m
-Xmx512m
-client
-javaagent:/Users/david.kittle/development/application_servers/glassfish5/glassfish/lib/monitor/flashlight-agent.jar
-Djavax.xml.accessExternalSchema=all
-Djavax.net.ssl.trustStore=/Users/david.kittle/development/application_servers/glassfish5/glassfish/domains/domain1/config/cacerts.jks
-Djdk.tls.rejectClientInitiatedRenegotiation=true
-Djdk.corba.allowOutputStreamSubclass=true
-Dfelix.fileinstall.dir=/Users/david.kittle/development/application_servers/glassfish5/glassfish/modules/autostart/
-Dorg.glassfish.additionalOSGiBundlesToStart=org.apache.felix.shell,org.apache.felix.gogo.runtime,org.apache.felix.gogo.shell,org.apache.felix.gogo.command,org.apache.felix.shell.remote,org.apache.felix.fileinstall
-Dcom.sun.aas.installRoot=/Users/david.kittle/development/application_servers/glassfish5/glassfish
-Dfelix.fileinstall.poll=5000
-Djava.endorsed.dirs=/Users/david.kittle/development/application_servers/glassfish5/glassfish/modules/endorsed:/Users/david.kittle/development/application_servers/glassfish5/glassfish/lib/endorsed
-Djava.security.policy=/Users/david.kittle/development/application_servers/glassfish5/glassfish/domains/domain1/config/server.policy
-Dosgi.shell.telnet.maxconn=1
-Dfelix.fileinstall.bundles.startTransient=true
-Dcom.sun.enterprise.config.config_environment_factory_class=com.sun.enterprise.config.serverbeans.AppserverConfigEnvironmentFactory
-Dfelix.fileinstall.log.level=2
-Djavax.net.ssl.keyStore=/Users/david.kittle/development/application_servers/glassfish5/glassfish/domains/domain1/config/keystore.jks
-Djava.security.auth.login.config=/Users/david.kittle/development/application_servers/glassfish5/glassfish/domains/domain1/config/login.conf
-Dfelix.fileinstall.disableConfigSave=false
-Dfelix.fileinstall.bundles.new.start=true
-Dcom.sun.aas.instanceRoot=/Users/david.kittle/development/application_servers/glassfish5/glassfish/domains/domain1
-Dosgi.shell.telnet.port=6666
-Dgosh.args=--nointeractive
-Dcom.sun.enterprise.security.httpsOutboundKeyAlias=s1as
-Dosgi.shell.telnet.ip=127.0.0.1
-DANTLR_USE_DIRECT_CLASS_LOADING=true
-Djava.awt.headless=true
-Dcom.ctc.wstx.returnNullForDefaultNamespace=true
-Djava.ext.dirs=/Library/Java/JavaVirtualMachines/jdk1.8.0_251.jdk/Contents/Home/lib/ext:/Library/Java/JavaVirtualMachines/jdk1.8.0_251.jdk/Contents/Home/jre/lib/ext:/Users/david.kittle/development/application_servers/glassfish5/glassfish/domains/domain1/lib/ext
-Djdbc.drivers=org.apache.derby.jdbc.ClientDriver
-Djava.library.path=/Users/david.kittle/development/application_servers/glassfish5/glassfish/lib:/Users/david.kittle/Library/Java/Extensions:/Library/Java/Extensions:/Network/Library/Java/Extensions:/System/Library/Java/Extensions:/usr/lib/java:/Users/david.kittle/development/application_servers/glassfish5/glassfish/bin
com.sun.enterprise.glassfish.bootstrap.ASMain
-upgrade
false
-domaindir
/Users/david.kittle/development/application_servers/glassfish5/glassfish/domains/domain1
-read-stdin
true
-asadmin-args
--host,,,localhost,,,--port,,,4848,,,--secure=false,,,--terse=false,,,--echo=false,,,--interactive=false,,,start-domain,,,--verbose=false,,,--watchdog=false,,,--debug=false,,,--domaindir,,,/Users/david.kittle/development/application_servers/glassfish5/glassfish/domains,,,domain1
-domainname
domain1
-instancename
server
-type
DAS
-verbose
false
-asadmin-classpath
/Users/david.kittle/development/application_servers/glassfish5/glassfish/lib/client/appserver-cli.jar
-debug
false
-asadmin-classname
com.sun.enterprise.admin.cli.AdminMain]]

[2020-04-30T16:38:21.115-0500] [glassfish 5.0] [INFO] [NCLS-LOGGING-00009] [javax.enterprise.logging] [tid: _ThreadID=26 _ThreadName=RunLevelControllerThread-1588282701032] [timeMillis: 1588282701115] [levelValue: 800] [[
  Running GlassFish Version: GlassFish Server Open Source Edition  5.0.1  (build 5)]]

[2020-04-30T16:38:21.117-0500] [glassfish 5.0] [INFO] [NCLS-LOGGING-00010] [javax.enterprise.logging] [tid: _ThreadID=26 _ThreadName=RunLevelControllerThread-1588282701032] [timeMillis: 1588282701117] [levelValue: 800] [[
  Server log file is using Formatter class: com.sun.enterprise.server.logging.ODLLogFormatter]]

[2020-04-30T16:38:21.202-0500] [glassfish 5.0] [INFO] [NCLS-SECURITY-01115] [javax.enterprise.system.core.security] [tid: _ThreadID=27 _ThreadName=RunLevelControllerThread-1588282701037] [timeMillis: 1588282701202] [levelValue: 800] [[
  Realm [admin-realm] of classtype [com.sun.enterprise.security.auth.realm.file.FileRealm] successfully created.]]

[2020-04-30T16:38:21.204-0500] [glassfish 5.0] [INFO] [NCLS-SECURITY-01115] [javax.enterprise.system.core.security] [tid: _ThreadID=27 _ThreadName=RunLevelControllerThread-1588282701037] [timeMillis: 1588282701204] [levelValue: 800] [[
  Realm [file] of classtype [com.sun.enterprise.security.auth.realm.file.FileRealm] successfully created.]]

[2020-04-30T16:38:21.207-0500] [glassfish 5.0] [INFO] [NCLS-SECURITY-01115] [javax.enterprise.system.core.security] [tid: _ThreadID=27 _ThreadName=RunLevelControllerThread-1588282701037] [timeMillis: 1588282701207] [levelValue: 800] [[
  Realm [certificate] of classtype [com.sun.enterprise.security.auth.realm.certificate.CertificateRealm] successfully created.]]

[2020-04-30T16:38:21.392-0500] [glassfish 5.0] [INFO] [] [org.glassfish.ha.store.spi.BackingStoreFactoryRegistry] [tid: _ThreadID=25 _ThreadName=RunLevelControllerThread-1588282701032] [timeMillis: 1588282701392] [levelValue: 800] [[
  Registered org.glassfish.ha.store.adapter.cache.ShoalBackingStoreProxy for persistence-type = replicated in BackingStoreFactoryRegistry]]

[2020-04-30T16:38:21.395-0500] [glassfish 5.0] [INFO] [SEC-SVCS-00100] [javax.enterprise.security.services] [tid: _ThreadID=26 _ThreadName=RunLevelControllerThread-1588282701032] [timeMillis: 1588282701395] [levelValue: 800] [[
  Authorization Service has successfully initialized.]]

[2020-04-30T16:38:21.515-0500] [glassfish 5.0] [INFO] [NCLS-CORE-00087] [javax.enterprise.system.core] [tid: _ThreadID=27 _ThreadName=RunLevelControllerThread-1588282701037] [timeMillis: 1588282701515] [levelValue: 800] [[
  Grizzly Framework 2.4.3 started in: 33ms - bound to [/0.0.0.0:8080]]]

[2020-04-30T16:38:21.534-0500] [glassfish 5.0] [INFO] [NCLS-CORE-00087] [javax.enterprise.system.core] [tid: _ThreadID=27 _ThreadName=RunLevelControllerThread-1588282701037] [timeMillis: 1588282701534] [levelValue: 800] [[
  Grizzly Framework 2.4.3 started in: 1ms - bound to [/0.0.0.0:8181]]]

[2020-04-30T16:38:21.539-0500] [glassfish 5.0] [INFO] [NCLS-CORE-00087] [javax.enterprise.system.core] [tid: _ThreadID=27 _ThreadName=RunLevelControllerThread-1588282701037] [timeMillis: 1588282701539] [levelValue: 800] [[
  Grizzly Framework 2.4.3 started in: 0ms - bound to [/0.0.0.0:4848]]]

[2020-04-30T16:38:21.577-0500] [glassfish 5.0] [INFO] [NCLS-CORE-00087] [javax.enterprise.system.core] [tid: _ThreadID=25 _ThreadName=RunLevelControllerThread-1588282701032] [timeMillis: 1588282701577] [levelValue: 800] [[
  Grizzly Framework 2.4.3 started in: 1ms - bound to [/0.0.0.0:3700]]]

[2020-04-30T16:38:21.577-0500] [glassfish 5.0] [INFO] [NCLS-CORE-00017] [javax.enterprise.system.core] [tid: _ThreadID=1 _ThreadName=main] [timeMillis: 1588282701577] [levelValue: 800] [[
  GlassFish Server Open Source Edition  5.0.1  (5) startup time : Felix (1,768ms), startup services(550ms), total(2,318ms)]]

[2020-04-30T16:38:21.682-0500] [glassfish 5.0] [INFO] [jts.startup_msg] [javax.enterprise.system.core.transaction.com.sun.jts.CosTransactions] [tid: _ThreadID=27 _ThreadName=RunLevelControllerThread-1588282701037] [timeMillis: 1588282701682] [levelValue: 800] [[
  JTS5014: Recoverable JTS instance, serverId = [100]]]

[2020-04-30T16:38:21.708-0500] [glassfish 5.0] [INFO] [NCLS-BOOTSTRAP-00027] [javax.enterprise.bootstrap] [tid: _ThreadID=1 _ThreadName=main] [timeMillis: 1588282701708] [levelValue: 800] [[
  Registered com.sun.enterprise.glassfish.bootstrap.osgi.EmbeddedOSGiGlassFishImpl@34448e6c as OSGi service registration: org.apache.felix.framework.ServiceRegistrationImpl@60e9df3c.]]

[2020-04-30T16:38:21.723-0500] [glassfish 5.0] [INFO] [NCLS-JMX-00005] [javax.enterprise.system.jmx] [tid: _ThreadID=62 _ThreadName=Thread-14] [timeMillis: 1588282701723] [levelValue: 800] [[
  JMXStartupService has started JMXConnector on JMXService URL service:jmx:rmi://davidkijamfsmbp.lan:8686/jndi/rmi://davidkijamfsmbp.lan:8686/jmxrmi]]

[2020-04-30T16:38:21.739-0500] [glassfish 5.0] [INFO] [] [org.jvnet.hk2.osgiadapter] [tid: _ThreadID=20 _ThreadName=FelixStartLevel] [timeMillis: 1588282701739] [levelValue: 800] [[
  Skipping registration of inhabitant for service reference [org.osgi.service.cm.ManagedService] as the service object could not be obtained.]]

[2020-04-30T16:38:21.739-0500] [glassfish 5.0] [INFO] [] [org.jvnet.hk2.osgiadapter] [tid: _ThreadID=20 _ThreadName=FelixStartLevel] [timeMillis: 1588282701739] [levelValue: 800] [[
  Skipping registration of inhabitant for service reference [org.osgi.service.metatype.MetaTypeProvider] as the service object could not be obtained.]]

[2020-04-30T16:38:22.113-0500] [glassfish 5.0] [INFO] [] [org.hibernate.validator.internal.util.Version] [tid: _ThreadID=51 _ThreadName=admin-listener(1)] [timeMillis: 1588282702113] [levelValue: 800] [[
  HV000001: Hibernate Validator 6.0.10.Final]]

[2020-04-30T16:38:22.645-0500] [glassfish 5.0] [INFO] [] [javax.enterprise.system.tools.deployment.common] [tid: _ThreadID=53 _ThreadName=admin-listener(3)] [timeMillis: 1588282702645] [levelValue: 800] [[
  visiting unvisited references]]

[2020-04-30T16:38:22.837-0500] [glassfish 5.0] [INFO] [NCLS-SECURITY-01002] [javax.enterprise.system.core.security] [tid: _ThreadID=53 _ThreadName=admin-listener(3)] [timeMillis: 1588282702837] [levelValue: 800] [[
  Java security manager is disabled.]]

[2020-04-30T16:38:22.838-0500] [glassfish 5.0] [INFO] [NCLS-SECURITY-01010] [javax.enterprise.system.core.security] [tid: _ThreadID=53 _ThreadName=admin-listener(3)] [timeMillis: 1588282702838] [levelValue: 800] [[
  Entering Security Startup Service.]]

[2020-04-30T16:38:22.841-0500] [glassfish 5.0] [INFO] [NCLS-SECURITY-01143] [javax.enterprise.system.core.security] [tid: _ThreadID=53 _ThreadName=admin-listener(3)] [timeMillis: 1588282702841] [levelValue: 800] [[
  Loading policy provider com.sun.enterprise.security.provider.PolicyWrapper.]]

[2020-04-30T16:38:22.864-0500] [glassfish 5.0] [INFO] [NCLS-SECURITY-01011] [javax.enterprise.system.core.security] [tid: _ThreadID=53 _ThreadName=admin-listener(3)] [timeMillis: 1588282702864] [levelValue: 800] [[
  Security Service(s) started successfully.]]

[2020-04-30T16:38:23.011-0500] [glassfish 5.0] [INFO] [AS-WEB-GLUE-00198] [javax.enterprise.web] [tid: _ThreadID=53 _ThreadName=admin-listener(3)] [timeMillis: 1588282703011] [levelValue: 800] [[
  Created HTTP listener http-listener-1 on host/port 0.0.0.0:8080]]

[2020-04-30T16:38:23.016-0500] [glassfish 5.0] [INFO] [AS-WEB-GLUE-00198] [javax.enterprise.web] [tid: _ThreadID=53 _ThreadName=admin-listener(3)] [timeMillis: 1588282703016] [levelValue: 800] [[
  Created HTTP listener http-listener-2 on host/port 0.0.0.0:8181]]

[2020-04-30T16:38:23.018-0500] [glassfish 5.0] [INFO] [AS-WEB-GLUE-00198] [javax.enterprise.web] [tid: _ThreadID=53 _ThreadName=admin-listener(3)] [timeMillis: 1588282703018] [levelValue: 800] [[
  Created HTTP listener admin-listener on host/port 0.0.0.0:4848]]

[2020-04-30T16:38:23.037-0500] [glassfish 5.0] [INFO] [AS-WEB-GLUE-00200] [javax.enterprise.web] [tid: _ThreadID=53 _ThreadName=admin-listener(3)] [timeMillis: 1588282703037] [levelValue: 800] [[
  Created virtual server server]]

[2020-04-30T16:38:23.039-0500] [glassfish 5.0] [INFO] [AS-WEB-GLUE-00200] [javax.enterprise.web] [tid: _ThreadID=53 _ThreadName=admin-listener(3)] [timeMillis: 1588282703039] [levelValue: 800] [[
  Created virtual server __asadmin]]

[2020-04-30T16:38:23.195-0500] [glassfish 5.0] [INFO] [AS-WEB-CORE-00306] [javax.enterprise.web.core] [tid: _ThreadID=53 _ThreadName=admin-listener(3)] [timeMillis: 1588282703195] [levelValue: 800] [[
  Setting JAAS app name glassfish-web]]

[2020-04-30T16:38:23.196-0500] [glassfish 5.0] [INFO] [AS-WEB-GLUE-00201] [javax.enterprise.web] [tid: _ThreadID=53 _ThreadName=admin-listener(3)] [timeMillis: 1588282703196] [levelValue: 800] [[
  Virtual server server loaded default web module ]]

[2020-04-30T16:38:23.540-0500] [glassfish 5.0] [INFO] [] [javax.enterprise.system.tools.deployment.common] [tid: _ThreadID=53 _ThreadName=admin-listener(3)] [timeMillis: 1588282703540] [levelValue: 800] [[
  visiting unvisited references]]

[2020-04-30T16:38:23.543-0500] [glassfish 5.0] [INFO] [] [javax.enterprise.system.tools.deployment.common] [tid: _ThreadID=53 _ThreadName=admin-listener(3)] [timeMillis: 1588282703543] [levelValue: 800] [[
  visiting unvisited references]]

[2020-04-30T16:38:23.692-0500] [glassfish 5.0] [INFO] [AS-WEB-GLUE-00172] [javax.enterprise.web] [tid: _ThreadID=53 _ThreadName=admin-listener(3)] [timeMillis: 1588282703692] [levelValue: 800] [[
  Loading application [JavaEEHelloWorld_war_exploded] at [/JavaEEHelloWorld_war_exploded]]]

[2020-04-30T16:38:23.796-0500] [glassfish 5.0] [INFO] [] [javax.enterprise.system.core] [tid: _ThreadID=53 _ThreadName=admin-listener(3)] [timeMillis: 1588282703796] [levelValue: 800] [[
  JavaEEHelloWorld_war_exploded was successfully deployed in 1,375 milliseconds.]]

[2020-04-30T17:29:39.838-0500] [glassfish 5.0] [INFO] [NCLS-REST-00001] [javax.enterprise.admin.rest] [tid: _ThreadID=54 _ThreadName=admin-listener(4)] [timeMillis: 1588285779838] [levelValue: 800] [[
  Listening to REST requests at context: /command/domain.]]

[2020-04-30T17:29:39.974-0500] [glassfish 5.0] [INFO] [NCLS-CORE-00092] [javax.enterprise.system.core] [tid: _ThreadID=153 _ThreadName=Thread-40] [timeMillis: 1588285779974] [levelValue: 800] [[
  Server shutdown initiated]]

[2020-04-30T17:29:39.985-0500] [glassfish 5.0] [INFO] [NCLS-BOOTSTRAP-00028] [javax.enterprise.bootstrap] [tid: _ThreadID=153 _ThreadName=Thread-40] [timeMillis: 1588285779985] [levelValue: 800] [[
  Unregistered com.sun.enterprise.glassfish.bootstrap.osgi.EmbeddedOSGiGlassFishImpl@34448e6c from service registry.]]

[2020-04-30T17:29:39.986-0500] [glassfish 5.0] [INFO] [] [] [tid: _ThreadID=153 _ThreadName=Thread-8] [timeMillis: 1588285779986] [levelValue: 800] [[
  FileMonitoring shutdown]]

[2020-04-30T17:29:40.099-0500] [glassfish 5.0] [INFO] [NCLS-JMX-00002] [javax.enterprise.system.jmx] [tid: _ThreadID=153 _ThreadName=Thread-40] [timeMillis: 1588285780099] [levelValue: 800] [[
  JMXStartupService: Stopped JMXConnectorServer: null]]

[2020-04-30T17:29:40.100-0500] [glassfish 5.0] [INFO] [NCLS-JMX-00001] [javax.enterprise.system.jmx] [tid: _ThreadID=153 _ThreadName=Thread-40] [timeMillis: 1588285780100] [levelValue: 800] [[
  JMXStartupService and JMXConnectors have been shut down.]]

[2020-04-30T17:29:40.142-0500] [glassfish 5.0] [INFO] [] [] [tid: _ThreadID=160 _ThreadName=Thread-8] [timeMillis: 1588285780142] [levelValue: 800] [[
  JdbcRuntimeExtension,  getAllSystemRAResourcesAndPools = [GlassFishConfigBean.org.glassfish.jdbc.config.JdbcResource, GlassFishConfigBean.org.glassfish.jdbc.config.JdbcResource, GlassFishConfigBean.org.glassfish.jdbc.config.JdbcConnectionPool, GlassFishConfigBean.org.glassfish.jdbc.config.JdbcConnectionPool]]]

[2020-04-30T18:35:34.606-0500] [] [INFO] [NCLS-GFLAUNCHER-00005] [javax.enterprise.launcher] [tid: _ThreadID=1 _ThreadName=main] [timeMillis: 1588289734606] [levelValue: 800] [[
  JVM invocation command line:
/Library/Java/JavaVirtualMachines/jdk1.8.0_251.jdk/Contents/Home/bin/java
-cp
/Users/david.kittle/development/application_servers/glassfish5/glassfish/modules/glassfish.jar
-XX:+UnlockDiagnosticVMOptions
-XX:NewRatio=2
-XX:MaxPermSize=192m
-Xmx512m
-client
-javaagent:/Users/david.kittle/development/application_servers/glassfish5/glassfish/lib/monitor/flashlight-agent.jar
-Djavax.xml.accessExternalSchema=all
-Djavax.net.ssl.trustStore=/Users/david.kittle/development/application_servers/glassfish5/glassfish/domains/domain1/config/cacerts.jks
-Djdk.tls.rejectClientInitiatedRenegotiation=true
-Djdk.corba.allowOutputStreamSubclass=true
-Dfelix.fileinstall.dir=/Users/david.kittle/development/application_servers/glassfish5/glassfish/modules/autostart/
-Dorg.glassfish.additionalOSGiBundlesToStart=org.apache.felix.shell,org.apache.felix.gogo.runtime,org.apache.felix.gogo.shell,org.apache.felix.gogo.command,org.apache.felix.shell.remote,org.apache.felix.fileinstall
-Dcom.sun.aas.installRoot=/Users/david.kittle/development/application_servers/glassfish5/glassfish
-Dfelix.fileinstall.poll=5000
-Djava.endorsed.dirs=/Users/david.kittle/development/application_servers/glassfish5/glassfish/modules/endorsed:/Users/david.kittle/development/application_servers/glassfish5/glassfish/lib/endorsed
-Djava.security.policy=/Users/david.kittle/development/application_servers/glassfish5/glassfish/domains/domain1/config/server.policy
-Dosgi.shell.telnet.maxconn=1
-Dfelix.fileinstall.bundles.startTransient=true
-Dcom.sun.enterprise.config.config_environment_factory_class=com.sun.enterprise.config.serverbeans.AppserverConfigEnvironmentFactory
-Dfelix.fileinstall.log.level=2
-Djavax.net.ssl.keyStore=/Users/david.kittle/development/application_servers/glassfish5/glassfish/domains/domain1/config/keystore.jks
-Djava.security.auth.login.config=/Users/david.kittle/development/application_servers/glassfish5/glassfish/domains/domain1/config/login.conf
-Dfelix.fileinstall.disableConfigSave=false
-Dfelix.fileinstall.bundles.new.start=true
-Dcom.sun.aas.instanceRoot=/Users/david.kittle/development/application_servers/glassfish5/glassfish/domains/domain1
-Dosgi.shell.telnet.port=6666
-Dgosh.args=--nointeractive
-Dcom.sun.enterprise.security.httpsOutboundKeyAlias=s1as
-Dosgi.shell.telnet.ip=127.0.0.1
-DANTLR_USE_DIRECT_CLASS_LOADING=true
-Djava.awt.headless=true
-Dcom.ctc.wstx.returnNullForDefaultNamespace=true
-Djava.ext.dirs=/Library/Java/JavaVirtualMachines/jdk1.8.0_251.jdk/Contents/Home/lib/ext:/Library/Java/JavaVirtualMachines/jdk1.8.0_251.jdk/Contents/Home/jre/lib/ext:/Users/david.kittle/development/application_servers/glassfish5/glassfish/domains/domain1/lib/ext
-Djdbc.drivers=org.apache.derby.jdbc.ClientDriver
-Djava.library.path=/Users/david.kittle/development/application_servers/glassfish5/glassfish/lib:/Users/david.kittle/Library/Java/Extensions:/Library/Java/Extensions:/Network/Library/Java/Extensions:/System/Library/Java/Extensions:/usr/lib/java:/Users/david.kittle/development/application_servers/glassfish5/glassfish/bin
com.sun.enterprise.glassfish.bootstrap.ASMain
-upgrade
false
-domaindir
/Users/david.kittle/development/application_servers/glassfish5/glassfish/domains/domain1
-read-stdin
true
-asadmin-args
--host,,,localhost,,,--port,,,4848,,,--secure=false,,,--terse=false,,,--echo=false,,,--interactive=false,,,start-domain,,,--verbose=false,,,--watchdog=false,,,--debug=false,,,--domaindir,,,/Users/david.kittle/development/application_servers/glassfish5/glassfish/domains,,,domain1
-domainname
domain1
-instancename
server
-type
DAS
-verbose
false
-asadmin-classpath
/Users/david.kittle/development/application_servers/glassfish5/glassfish/lib/client/appserver-cli.jar
-debug
false
-asadmin-classname
com.sun.enterprise.admin.cli.AdminMain]]

[2020-04-30T18:35:37.098-0500] [glassfish 5.0] [INFO] [NCLS-LOGGING-00009] [javax.enterprise.logging] [tid: _ThreadID=26 _ThreadName=RunLevelControllerThread-1588289737000] [timeMillis: 1588289737098] [levelValue: 800] [[
  Running GlassFish Version: GlassFish Server Open Source Edition  5.0.1  (build 5)]]

[2020-04-30T18:35:37.099-0500] [glassfish 5.0] [INFO] [NCLS-LOGGING-00010] [javax.enterprise.logging] [tid: _ThreadID=26 _ThreadName=RunLevelControllerThread-1588289737000] [timeMillis: 1588289737099] [levelValue: 800] [[
  Server log file is using Formatter class: com.sun.enterprise.server.logging.ODLLogFormatter]]

[2020-04-30T18:35:37.187-0500] [glassfish 5.0] [INFO] [NCLS-SECURITY-01115] [javax.enterprise.system.core.security] [tid: _ThreadID=27 _ThreadName=RunLevelControllerThread-1588289737005] [timeMillis: 1588289737187] [levelValue: 800] [[
  Realm [admin-realm] of classtype [com.sun.enterprise.security.auth.realm.file.FileRealm] successfully created.]]

[2020-04-30T18:35:37.188-0500] [glassfish 5.0] [INFO] [NCLS-SECURITY-01115] [javax.enterprise.system.core.security] [tid: _ThreadID=27 _ThreadName=RunLevelControllerThread-1588289737005] [timeMillis: 1588289737188] [levelValue: 800] [[
  Realm [file] of classtype [com.sun.enterprise.security.auth.realm.file.FileRealm] successfully created.]]

[2020-04-30T18:35:37.191-0500] [glassfish 5.0] [INFO] [NCLS-SECURITY-01115] [javax.enterprise.system.core.security] [tid: _ThreadID=27 _ThreadName=RunLevelControllerThread-1588289737005] [timeMillis: 1588289737191] [levelValue: 800] [[
  Realm [certificate] of classtype [com.sun.enterprise.security.auth.realm.certificate.CertificateRealm] successfully created.]]

[2020-04-30T18:35:37.408-0500] [glassfish 5.0] [INFO] [] [org.glassfish.ha.store.spi.BackingStoreFactoryRegistry] [tid: _ThreadID=28 _ThreadName=RunLevelControllerThread-1588289737005] [timeMillis: 1588289737408] [levelValue: 800] [[
  Registered org.glassfish.ha.store.adapter.cache.ShoalBackingStoreProxy for persistence-type = replicated in BackingStoreFactoryRegistry]]

[2020-04-30T18:35:37.415-0500] [glassfish 5.0] [INFO] [SEC-SVCS-00100] [javax.enterprise.security.services] [tid: _ThreadID=26 _ThreadName=RunLevelControllerThread-1588289737000] [timeMillis: 1588289737415] [levelValue: 800] [[
  Authorization Service has successfully initialized.]]

[2020-04-30T18:35:37.577-0500] [glassfish 5.0] [INFO] [NCLS-CORE-00087] [javax.enterprise.system.core] [tid: _ThreadID=27 _ThreadName=RunLevelControllerThread-1588289737005] [timeMillis: 1588289737577] [levelValue: 800] [[
  Grizzly Framework 2.4.3 started in: 33ms - bound to [/0.0.0.0:8080]]]

[2020-04-30T18:35:37.596-0500] [glassfish 5.0] [INFO] [NCLS-CORE-00087] [javax.enterprise.system.core] [tid: _ThreadID=27 _ThreadName=RunLevelControllerThread-1588289737005] [timeMillis: 1588289737596] [levelValue: 800] [[
  Grizzly Framework 2.4.3 started in: 1ms - bound to [/0.0.0.0:8181]]]

[2020-04-30T18:35:37.600-0500] [glassfish 5.0] [INFO] [NCLS-CORE-00087] [javax.enterprise.system.core] [tid: _ThreadID=27 _ThreadName=RunLevelControllerThread-1588289737005] [timeMillis: 1588289737600] [levelValue: 800] [[
  Grizzly Framework 2.4.3 started in: 0ms - bound to [/0.0.0.0:4848]]]

[2020-04-30T18:35:37.630-0500] [glassfish 5.0] [INFO] [NCLS-CORE-00087] [javax.enterprise.system.core] [tid: _ThreadID=25 _ThreadName=RunLevelControllerThread-1588289736999] [timeMillis: 1588289737630] [levelValue: 800] [[
  Grizzly Framework 2.4.3 started in: 0ms - bound to [/0.0.0.0:3700]]]

[2020-04-30T18:35:37.631-0500] [glassfish 5.0] [INFO] [NCLS-CORE-00017] [javax.enterprise.system.core] [tid: _ThreadID=1 _ThreadName=main] [timeMillis: 1588289737631] [levelValue: 800] [[
  GlassFish Server Open Source Edition  5.0.1  (5) startup time : Felix (2,150ms), startup services(638ms), total(2,788ms)]]

[2020-04-30T18:35:37.735-0500] [glassfish 5.0] [INFO] [jts.startup_msg] [javax.enterprise.system.core.transaction.com.sun.jts.CosTransactions] [tid: _ThreadID=28 _ThreadName=RunLevelControllerThread-1588289737005] [timeMillis: 1588289737735] [levelValue: 800] [[
  JTS5014: Recoverable JTS instance, serverId = [100]]]

[2020-04-30T18:35:37.762-0500] [glassfish 5.0] [INFO] [NCLS-BOOTSTRAP-00027] [javax.enterprise.bootstrap] [tid: _ThreadID=1 _ThreadName=main] [timeMillis: 1588289737762] [levelValue: 800] [[
  Registered com.sun.enterprise.glassfish.bootstrap.osgi.EmbeddedOSGiGlassFishImpl@78b236a0 as OSGi service registration: org.apache.felix.framework.ServiceRegistrationImpl@261d8190.]]

[2020-04-30T18:35:37.787-0500] [glassfish 5.0] [INFO] [NCLS-JMX-00005] [javax.enterprise.system.jmx] [tid: _ThreadID=62 _ThreadName=Thread-14] [timeMillis: 1588289737787] [levelValue: 800] [[
  JMXStartupService has started JMXConnector on JMXService URL service:jmx:rmi://davidkijamfsmbp.lan:8686/jndi/rmi://davidkijamfsmbp.lan:8686/jmxrmi]]

[2020-04-30T18:35:37.799-0500] [glassfish 5.0] [INFO] [] [org.jvnet.hk2.osgiadapter] [tid: _ThreadID=20 _ThreadName=FelixStartLevel] [timeMillis: 1588289737799] [levelValue: 800] [[
  Skipping registration of inhabitant for service reference [org.osgi.service.cm.ManagedService] as the service object could not be obtained.]]

[2020-04-30T18:35:37.800-0500] [glassfish 5.0] [INFO] [] [org.jvnet.hk2.osgiadapter] [tid: _ThreadID=20 _ThreadName=FelixStartLevel] [timeMillis: 1588289737800] [levelValue: 800] [[
  Skipping registration of inhabitant for service reference [org.osgi.service.metatype.MetaTypeProvider] as the service object could not be obtained.]]

[2020-04-30T18:35:38.083-0500] [glassfish 5.0] [INFO] [] [org.hibernate.validator.internal.util.Version] [tid: _ThreadID=51 _ThreadName=admin-listener(1)] [timeMillis: 1588289738083] [levelValue: 800] [[
  HV000001: Hibernate Validator 6.0.10.Final]]

[2020-04-30T18:35:38.759-0500] [glassfish 5.0] [INFO] [] [javax.enterprise.system.tools.deployment.common] [tid: _ThreadID=54 _ThreadName=admin-listener(4)] [timeMillis: 1588289738759] [levelValue: 800] [[
  visiting unvisited references]]

[2020-04-30T18:35:39.012-0500] [glassfish 5.0] [INFO] [NCLS-SECURITY-01002] [javax.enterprise.system.core.security] [tid: _ThreadID=54 _ThreadName=admin-listener(4)] [timeMillis: 1588289739012] [levelValue: 800] [[
  Java security manager is disabled.]]

[2020-04-30T18:35:39.013-0500] [glassfish 5.0] [INFO] [NCLS-SECURITY-01010] [javax.enterprise.system.core.security] [tid: _ThreadID=54 _ThreadName=admin-listener(4)] [timeMillis: 1588289739013] [levelValue: 800] [[
  Entering Security Startup Service.]]

[2020-04-30T18:35:39.016-0500] [glassfish 5.0] [INFO] [NCLS-SECURITY-01143] [javax.enterprise.system.core.security] [tid: _ThreadID=54 _ThreadName=admin-listener(4)] [timeMillis: 1588289739016] [levelValue: 800] [[
  Loading policy provider com.sun.enterprise.security.provider.PolicyWrapper.]]

[2020-04-30T18:35:39.044-0500] [glassfish 5.0] [INFO] [NCLS-SECURITY-01011] [javax.enterprise.system.core.security] [tid: _ThreadID=54 _ThreadName=admin-listener(4)] [timeMillis: 1588289739044] [levelValue: 800] [[
  Security Service(s) started successfully.]]

[2020-04-30T18:35:39.248-0500] [glassfish 5.0] [INFO] [AS-WEB-GLUE-00198] [javax.enterprise.web] [tid: _ThreadID=54 _ThreadName=admin-listener(4)] [timeMillis: 1588289739248] [levelValue: 800] [[
  Created HTTP listener http-listener-1 on host/port 0.0.0.0:8080]]

[2020-04-30T18:35:39.253-0500] [glassfish 5.0] [INFO] [AS-WEB-GLUE-00198] [javax.enterprise.web] [tid: _ThreadID=54 _ThreadName=admin-listener(4)] [timeMillis: 1588289739253] [levelValue: 800] [[
  Created HTTP listener http-listener-2 on host/port 0.0.0.0:8181]]

[2020-04-30T18:35:39.255-0500] [glassfish 5.0] [INFO] [AS-WEB-GLUE-00198] [javax.enterprise.web] [tid: _ThreadID=54 _ThreadName=admin-listener(4)] [timeMillis: 1588289739255] [levelValue: 800] [[
  Created HTTP listener admin-listener on host/port 0.0.0.0:4848]]

[2020-04-30T18:35:39.275-0500] [glassfish 5.0] [INFO] [AS-WEB-GLUE-00200] [javax.enterprise.web] [tid: _ThreadID=54 _ThreadName=admin-listener(4)] [timeMillis: 1588289739275] [levelValue: 800] [[
  Created virtual server server]]

[2020-04-30T18:35:39.277-0500] [glassfish 5.0] [INFO] [AS-WEB-GLUE-00200] [javax.enterprise.web] [tid: _ThreadID=54 _ThreadName=admin-listener(4)] [timeMillis: 1588289739277] [levelValue: 800] [[
  Created virtual server __asadmin]]

[2020-04-30T18:35:39.502-0500] [glassfish 5.0] [INFO] [AS-WEB-CORE-00306] [javax.enterprise.web.core] [tid: _ThreadID=54 _ThreadName=admin-listener(4)] [timeMillis: 1588289739502] [levelValue: 800] [[
  Setting JAAS app name glassfish-web]]

[2020-04-30T18:35:39.503-0500] [glassfish 5.0] [INFO] [AS-WEB-GLUE-00201] [javax.enterprise.web] [tid: _ThreadID=54 _ThreadName=admin-listener(4)] [timeMillis: 1588289739503] [levelValue: 800] [[
  Virtual server server loaded default web module ]]

[2020-04-30T18:35:39.901-0500] [glassfish 5.0] [INFO] [] [javax.enterprise.system.tools.deployment.common] [tid: _ThreadID=54 _ThreadName=admin-listener(4)] [timeMillis: 1588289739901] [levelValue: 800] [[
  visiting unvisited references]]

[2020-04-30T18:35:39.904-0500] [glassfish 5.0] [INFO] [] [javax.enterprise.system.tools.deployment.common] [tid: _ThreadID=54 _ThreadName=admin-listener(4)] [timeMillis: 1588289739904] [levelValue: 800] [[
  visiting unvisited references]]

[2020-04-30T18:35:40.059-0500] [glassfish 5.0] [INFO] [AS-WEB-GLUE-00172] [javax.enterprise.web] [tid: _ThreadID=54 _ThreadName=admin-listener(4)] [timeMillis: 1588289740059] [levelValue: 800] [[
  Loading application [JavaEEHelloWorld_war_exploded] at [/JavaEEHelloWorld_war_exploded]]]

[2020-04-30T18:35:40.164-0500] [glassfish 5.0] [INFO] [] [javax.enterprise.system.core] [tid: _ThreadID=54 _ThreadName=admin-listener(4)] [timeMillis: 1588289740164] [levelValue: 800] [[
  JavaEEHelloWorld_war_exploded was successfully deployed in 1,663 milliseconds.]]

[2020-04-30T18:37:00.553-0500] [glassfish 5.0] [INFO] [NCLS-REST-00001] [javax.enterprise.admin.rest] [tid: _ThreadID=52 _ThreadName=admin-listener(2)] [timeMillis: 1588289820553] [levelValue: 800] [[
  Listening to REST requests at context: /command/domain.]]

[2020-04-30T18:37:00.652-0500] [glassfish 5.0] [INFO] [NCLS-CORE-00092] [javax.enterprise.system.core] [tid: _ThreadID=138 _ThreadName=Thread-34] [timeMillis: 1588289820652] [levelValue: 800] [[
  Server shutdown initiated]]

[2020-04-30T18:37:00.660-0500] [glassfish 5.0] [INFO] [NCLS-BOOTSTRAP-00028] [javax.enterprise.bootstrap] [tid: _ThreadID=138 _ThreadName=Thread-34] [timeMillis: 1588289820660] [levelValue: 800] [[
  Unregistered com.sun.enterprise.glassfish.bootstrap.osgi.EmbeddedOSGiGlassFishImpl@78b236a0 from service registry.]]

[2020-04-30T18:37:00.661-0500] [glassfish 5.0] [INFO] [] [] [tid: _ThreadID=138 _ThreadName=Thread-8] [timeMillis: 1588289820661] [levelValue: 800] [[
  FileMonitoring shutdown]]

[2020-04-30T18:37:00.741-0500] [glassfish 5.0] [INFO] [NCLS-JMX-00002] [javax.enterprise.system.jmx] [tid: _ThreadID=138 _ThreadName=Thread-34] [timeMillis: 1588289820741] [levelValue: 800] [[
  JMXStartupService: Stopped JMXConnectorServer: null]]

[2020-04-30T18:37:00.741-0500] [glassfish 5.0] [INFO] [NCLS-JMX-00001] [javax.enterprise.system.jmx] [tid: _ThreadID=138 _ThreadName=Thread-34] [timeMillis: 1588289820741] [levelValue: 800] [[
  JMXStartupService and JMXConnectors have been shut down.]]

[2020-04-30T18:37:00.798-0500] [glassfish 5.0] [INFO] [] [] [tid: _ThreadID=142 _ThreadName=Thread-8] [timeMillis: 1588289820798] [levelValue: 800] [[
  JdbcRuntimeExtension,  getAllSystemRAResourcesAndPools = [GlassFishConfigBean.org.glassfish.jdbc.config.JdbcResource, GlassFishConfigBean.org.glassfish.jdbc.config.JdbcResource, GlassFishConfigBean.org.glassfish.jdbc.config.JdbcConnectionPool, GlassFishConfigBean.org.glassfish.jdbc.config.JdbcConnectionPool]]]

