2019-12-17 13:16:52,784 [Worker-0: Loading available Gradle versions] INFO  o.e.b.c.i.u.g.PublishedGradleVersions - Gradle version information cache is out-of-date. Trying to update.
2019-12-17 13:19:01,392 [Worker-21: Updating Maven Dependencies] INFO  o.e.m.c.i.l.LifecycleMappingFactory - Using org.maven.ide.eclipse.wtp.WarLifecycleMapping lifecycle mapping for MavenProject: MavenExample:MavenExample:0.0.1-SNAPSHOT @ /Users/david.kittle/development/cvtc_workspace/java_web_programming/weeksix/mavenexample_dkittle/pom.xml.
2019-12-17 13:19:09,324 [Worker-15: Building Project java_web_programming] INFO  o.e.m.c.i.l.LifecycleMappingFactory - Using org.maven.ide.eclipse.wtp.WarLifecycleMapping lifecycle mapping for MavenProject: MavenExample:MavenExample:0.0.1-SNAPSHOT @ /Users/david.kittle/development/cvtc_workspace/java_web_programming/weeksix/mavenexample_dkittle/pom.xml.
2019-12-17 13:19:18,315 [Worker-15: Building Project java_web_programming] WARN  o.e.m.c.i.embedder.EclipseLogger - Using platform encoding (UTF-8 actually) to copy filtered resources, i.e. build is platform dependent!
2019-12-17 13:19:18,321 [Worker-15: Building Project java_web_programming] INFO  o.e.m.c.i.embedder.EclipseLogger - skip non existing resourceDirectory /Users/david.kittle/development/cvtc_workspace/java_web_programming/weeksix/mavenexample_dkittle/src/main/resources
2019-12-17 13:19:18,381 [Worker-15: Building Project java_web_programming] WARN  o.e.m.c.i.embedder.EclipseLogger - Using platform encoding (UTF-8 actually) to copy filtered resources, i.e. build is platform dependent!
2019-12-17 13:19:18,383 [Worker-15: Building Project java_web_programming] INFO  o.e.m.c.i.embedder.EclipseLogger - skip non existing resourceDirectory /Users/david.kittle/development/cvtc_workspace/java_web_programming/weeksix/mavenexample_dkittle/src/test/resources
2019-12-17 13:19:20,574 [Worker-15: Building Project java_web_programming] INFO  o.e.m.c.i.l.LifecycleMappingFactory - Using org.maven.ide.eclipse.wtp.WarLifecycleMapping lifecycle mapping for MavenProject: Movies_kittle:Movies_kittle:0.0.1-SNAPSHOT @ /Users/david.kittle/development/cvtc_workspace/java_web_programming/weekeight/moviesearch_dkittle/pom.xml.
2019-12-17 13:19:22,803 [Worker-15: Building Project java_web_programming] WARN  o.e.m.c.i.embedder.EclipseLogger - Using platform encoding (UTF-8 actually) to copy filtered resources, i.e. build is platform dependent!
2019-12-17 13:19:22,804 [Worker-15: Building Project java_web_programming] INFO  o.e.m.c.i.embedder.EclipseLogger - skip non existing resourceDirectory /Users/david.kittle/development/cvtc_workspace/java_web_programming/weekeight/moviesearch_dkittle/src/main/resources
2019-12-17 13:19:22,807 [Worker-15: Building Project java_web_programming] WARN  o.e.m.c.i.embedder.EclipseLogger - Using platform encoding (UTF-8 actually) to copy filtered resources, i.e. build is platform dependent!
2019-12-17 13:19:22,809 [Worker-15: Building Project java_web_programming] INFO  o.e.m.c.i.embedder.EclipseLogger - skip non existing resourceDirectory /Users/david.kittle/development/cvtc_workspace/java_web_programming/weekeight/moviesearch_dkittle/src/test/resources
2019-12-17 13:19:47,695 [Worker-6: Updating Maven Dependencies] INFO  o.e.m.c.i.l.LifecycleMappingFactory - Using org.maven.ide.eclipse.wtp.WarLifecycleMapping lifecycle mapping for MavenProject: MavenExample:MavenExample:0.0.1-SNAPSHOT @ /Users/david.kittle/development/cvtc_workspace/java_web_programming/weeksix/mavenexample_dkittle/pom.xml.
2019-12-17 13:19:53,062 [Worker-6: Building workspace] WARN  o.e.m.c.i.embedder.EclipseLogger - Using platform encoding (UTF-8 actually) to copy filtered resources, i.e. build is platform dependent!
2019-12-17 13:19:53,068 [Worker-6: Building workspace] INFO  o.e.m.c.i.embedder.EclipseLogger - skip non existing resourceDirectory /Users/david.kittle/development/cvtc_workspace/java_web_programming/weeksix/mavenexample_dkittle/src/main/resources
2019-12-17 13:19:53,070 [Worker-6: Building workspace] WARN  o.e.m.c.i.embedder.EclipseLogger - Using platform encoding (UTF-8 actually) to copy filtered resources, i.e. build is platform dependent!
2019-12-17 13:19:53,071 [Worker-6: Building workspace] INFO  o.e.m.c.i.embedder.EclipseLogger - skip non existing resourceDirectory /Users/david.kittle/development/cvtc_workspace/java_web_programming/weeksix/mavenexample_dkittle/src/test/resources
2019-12-17 13:19:53,967 [Worker-6: Building workspace] WARN  o.e.m.c.i.embedder.EclipseLogger - Using platform encoding (UTF-8 actually) to copy filtered resources, i.e. build is platform dependent!
2019-12-17 13:19:53,969 [Worker-6: Building workspace] INFO  o.e.m.c.i.embedder.EclipseLogger - skip non existing resourceDirectory /Users/david.kittle/development/cvtc_workspace/java_web_programming/weekeight/moviesearch_dkittle/src/main/resources
2019-12-17 13:19:53,971 [Worker-6: Building workspace] WARN  o.e.m.c.i.embedder.EclipseLogger - Using platform encoding (UTF-8 actually) to copy filtered resources, i.e. build is platform dependent!
2019-12-17 13:19:53,972 [Worker-6: Building workspace] INFO  o.e.m.c.i.embedder.EclipseLogger - skip non existing resourceDirectory /Users/david.kittle/development/cvtc_workspace/java_web_programming/weekeight/moviesearch_dkittle/src/test/resources
2019-12-17 13:22:24,475 [Worker-6: Loading available Gradle versions] INFO  o.e.b.c.i.u.g.PublishedGradleVersions - Gradle version information cache is up-to-date. Trying to read.
2019-12-17 13:22:46,243 [Worker-8: Building workspace] WARN  o.e.m.c.i.embedder.EclipseLogger - Using platform encoding (UTF-8 actually) to copy filtered resources, i.e. build is platform dependent!
2019-12-17 13:22:46,265 [Worker-8: Building workspace] INFO  o.e.m.c.i.embedder.EclipseLogger - skip non existing resourceDirectory /Users/david.kittle/development/cvtc_workspace/java_web_programming/weeksix/mavenexample_dkittle/src/main/resources
2019-12-17 13:22:46,271 [Worker-8: Building workspace] WARN  o.e.m.c.i.embedder.EclipseLogger - Using platform encoding (UTF-8 actually) to copy filtered resources, i.e. build is platform dependent!
2019-12-17 13:22:46,273 [Worker-8: Building workspace] INFO  o.e.m.c.i.embedder.EclipseLogger - skip non existing resourceDirectory /Users/david.kittle/development/cvtc_workspace/java_web_programming/weeksix/mavenexample_dkittle/src/test/resources
2019-12-17 13:22:51,610 [Worker-16: Building workspace] WARN  o.e.m.c.i.embedder.EclipseLogger - Using platform encoding (UTF-8 actually) to copy filtered resources, i.e. build is platform dependent!
2019-12-17 13:22:51,620 [Worker-16: Building workspace] INFO  o.e.m.c.i.embedder.EclipseLogger - skip non existing resourceDirectory /Users/david.kittle/development/cvtc_workspace/java_web_programming/weekeight/moviesearch_dkittle/src/main/resources
2019-12-17 13:22:51,623 [Worker-16: Building workspace] WARN  o.e.m.c.i.embedder.EclipseLogger - Using platform encoding (UTF-8 actually) to copy filtered resources, i.e. build is platform dependent!
2019-12-17 13:22:51,624 [Worker-16: Building workspace] INFO  o.e.m.c.i.embedder.EclipseLogger - skip non existing resourceDirectory /Users/david.kittle/development/cvtc_workspace/java_web_programming/weekeight/moviesearch_dkittle/src/test/resources
2019-12-18 19:46:48,934 [Worker-3: Loading available Gradle versions] INFO  o.e.b.c.i.u.g.PublishedGradleVersions - Gradle version information cache is out-of-date. Trying to update.
2019-12-18 19:47:00,615 [Worker-9: Building workspace] WARN  o.e.m.c.i.embedder.EclipseLogger - Using platform encoding (UTF-8 actually) to copy filtered resources, i.e. build is platform dependent!
2019-12-18 19:47:00,686 [Worker-9: Building workspace] INFO  o.e.m.c.i.embedder.EclipseLogger - skip non existing resourceDirectory /Users/david.kittle/development/cvtc_workspace/java_web_programming/weeksix/mavenexample_dkittle/src/main/resources
2019-12-18 19:47:00,690 [Worker-9: Building workspace] WARN  o.e.m.c.i.embedder.EclipseLogger - Using platform encoding (UTF-8 actually) to copy filtered resources, i.e. build is platform dependent!
2019-12-18 19:47:00,694 [Worker-9: Building workspace] INFO  o.e.m.c.i.embedder.EclipseLogger - skip non existing resourceDirectory /Users/david.kittle/development/cvtc_workspace/java_web_programming/weeksix/mavenexample_dkittle/src/test/resources
2019-12-18 19:47:03,072 [Worker-14: Building workspace] WARN  o.e.m.c.i.embedder.EclipseLogger - Using platform encoding (UTF-8 actually) to copy filtered resources, i.e. build is platform dependent!
2019-12-18 19:47:03,077 [Worker-14: Building workspace] INFO  o.e.m.c.i.embedder.EclipseLogger - skip non existing resourceDirectory /Users/david.kittle/development/cvtc_workspace/java_web_programming/weekeight/moviesearch_dkittle/src/main/resources
2019-12-18 19:47:03,079 [Worker-14: Building workspace] WARN  o.e.m.c.i.embedder.EclipseLogger - Using platform encoding (UTF-8 actually) to copy filtered resources, i.e. build is platform dependent!
2019-12-18 19:47:03,080 [Worker-14: Building workspace] INFO  o.e.m.c.i.embedder.EclipseLogger - skip non existing resourceDirectory /Users/david.kittle/development/cvtc_workspace/java_web_programming/weekeight/moviesearch_dkittle/src/test/resources
2019-12-18 19:52:10,055 [Worker-3: Building workspace] WARN  o.e.m.c.i.embedder.EclipseLogger - Using platform encoding (UTF-8 actually) to copy filtered resources, i.e. build is platform dependent!
2019-12-18 19:52:10,056 [Worker-3: Building workspace] INFO  o.e.m.c.i.embedder.EclipseLogger - skip non existing resourceDirectory /Users/david.kittle/development/cvtc_workspace/java_web_programming/weeksix/mavenexample_dkittle/src/main/resources
2019-12-18 19:52:10,058 [Worker-3: Building workspace] WARN  o.e.m.c.i.embedder.EclipseLogger - Using platform encoding (UTF-8 actually) to copy filtered resources, i.e. build is platform dependent!
2019-12-18 19:52:10,059 [Worker-3: Building workspace] INFO  o.e.m.c.i.embedder.EclipseLogger - skip non existing resourceDirectory /Users/david.kittle/development/cvtc_workspace/java_web_programming/weeksix/mavenexample_dkittle/src/test/resources
2019-12-18 19:54:11,497 [Worker-7: Building workspace] WARN  o.e.m.c.i.embedder.EclipseLogger - Using platform encoding (UTF-8 actually) to copy filtered resources, i.e. build is platform dependent!
2019-12-18 19:54:11,499 [Worker-7: Building workspace] INFO  o.e.m.c.i.embedder.EclipseLogger - skip non existing resourceDirectory /Users/david.kittle/development/cvtc_workspace/java_web_programming/weekeight/moviesearch_dkittle/src/main/resources
2019-12-18 19:54:11,502 [Worker-7: Building workspace] WARN  o.e.m.c.i.embedder.EclipseLogger - Using platform encoding (UTF-8 actually) to copy filtered resources, i.e. build is platform dependent!
2019-12-18 19:54:11,504 [Worker-7: Building workspace] INFO  o.e.m.c.i.embedder.EclipseLogger - skip non existing resourceDirectory /Users/david.kittle/development/cvtc_workspace/java_web_programming/weekeight/moviesearch_dkittle/src/test/resources
2019-12-18 19:55:48,538 [Worker-2: Building workspace] WARN  o.e.m.c.i.embedder.EclipseLogger - Using platform encoding (UTF-8 actually) to copy filtered resources, i.e. build is platform dependent!
2019-12-18 19:55:48,540 [Worker-2: Building workspace] INFO  o.e.m.c.i.embedder.EclipseLogger - skip non existing resourceDirectory /Users/david.kittle/development/cvtc_workspace/java_web_programming/weekeight/moviesearch_dkittle/src/main/resources
2019-12-18 19:55:48,541 [Worker-2: Building workspace] WARN  o.e.m.c.i.embedder.EclipseLogger - Using platform encoding (UTF-8 actually) to copy filtered resources, i.e. build is platform dependent!
2019-12-18 19:55:48,542 [Worker-2: Building workspace] INFO  o.e.m.c.i.embedder.EclipseLogger - skip non existing resourceDirectory /Users/david.kittle/development/cvtc_workspace/java_web_programming/weekeight/moviesearch_dkittle/src/test/resources
2019-12-18 19:57:23,942 [Worker-9: Building workspace] INFO  o.e.m.c.i.l.LifecycleMappingFactory - Using org.maven.ide.eclipse.wtp.WarLifecycleMapping lifecycle mapping for MavenProject: Movies_kittle:Movies_kittle:0.0.1-SNAPSHOT @ /Users/david.kittle/development/cvtc_workspace/java_web_programming/weekeight/moviesearch_dkittle/pom.xml.
2019-12-18 19:57:24,465 [Worker-9: Building workspace] WARN  o.e.m.c.i.embedder.EclipseLogger - Using platform encoding (UTF-8 actually) to copy filtered resources, i.e. build is platform dependent!
2019-12-18 19:57:24,469 [Worker-9: Building workspace] INFO  o.e.m.c.i.embedder.EclipseLogger - skip non existing resourceDirectory /Users/david.kittle/development/cvtc_workspace/java_web_programming/weekeight/moviesearch_dkittle/src/main/resources
2019-12-18 19:57:24,471 [Worker-9: Building workspace] WARN  o.e.m.c.i.embedder.EclipseLogger - Using platform encoding (UTF-8 actually) to copy filtered resources, i.e. build is platform dependent!
2019-12-18 19:57:24,476 [Worker-9: Building workspace] INFO  o.e.m.c.i.embedder.EclipseLogger - skip non existing resourceDirectory /Users/david.kittle/development/cvtc_workspace/java_web_programming/weekeight/moviesearch_dkittle/src/test/resources
2019-12-18 19:57:26,194 [Worker-13: Building workspace] WARN  o.e.m.c.i.embedder.EclipseLogger - Using platform encoding (UTF-8 actually) to copy filtered resources, i.e. build is platform dependent!
2019-12-18 19:57:26,195 [Worker-13: Building workspace] INFO  o.e.m.c.i.embedder.EclipseLogger - skip non existing resourceDirectory /Users/david.kittle/development/cvtc_workspace/java_web_programming/weekeight/moviesearch_dkittle/src/main/resources
2019-12-18 19:57:26,196 [Worker-13: Building workspace] WARN  o.e.m.c.i.embedder.EclipseLogger - Using platform encoding (UTF-8 actually) to copy filtered resources, i.e. build is platform dependent!
2019-12-18 19:57:26,197 [Worker-13: Building workspace] INFO  o.e.m.c.i.embedder.EclipseLogger - skip non existing resourceDirectory /Users/david.kittle/development/cvtc_workspace/java_web_programming/weekeight/moviesearch_dkittle/src/test/resources
2019-12-18 19:57:26,219 [Worker-9: Updating Maven Dependencies] INFO  o.e.m.c.i.l.LifecycleMappingFactory - Using org.maven.ide.eclipse.wtp.WarLifecycleMapping lifecycle mapping for MavenProject: Movies_kittle:Movies_kittle:0.0.1-SNAPSHOT @ /Users/david.kittle/development/cvtc_workspace/java_web_programming/weekeight/moviesearch_dkittle/pom.xml.
2019-12-18 19:57:58,491 [Worker-6: Building workspace] WARN  o.e.m.c.i.embedder.EclipseLogger - Using platform encoding (UTF-8 actually) to copy filtered resources, i.e. build is platform dependent!
2019-12-18 19:57:58,492 [Worker-6: Building workspace] INFO  o.e.m.c.i.embedder.EclipseLogger - skip non existing resourceDirectory /Users/david.kittle/development/cvtc_workspace/java_web_programming/weekeight/moviesearch_dkittle/src/main/resources
2019-12-18 19:57:58,495 [Worker-6: Building workspace] WARN  o.e.m.c.i.embedder.EclipseLogger - Using platform encoding (UTF-8 actually) to copy filtered resources, i.e. build is platform dependent!
2019-12-18 19:57:58,496 [Worker-6: Building workspace] INFO  o.e.m.c.i.embedder.EclipseLogger - skip non existing resourceDirectory /Users/david.kittle/development/cvtc_workspace/java_web_programming/weekeight/moviesearch_dkittle/src/test/resources
2019-12-18 19:58:03,789 [Worker-3: Building workspace] WARN  o.e.m.c.i.embedder.EclipseLogger - Using platform encoding (UTF-8 actually) to copy filtered resources, i.e. build is platform dependent!
2019-12-18 19:58:03,790 [Worker-3: Building workspace] INFO  o.e.m.c.i.embedder.EclipseLogger - skip non existing resourceDirectory /Users/david.kittle/development/cvtc_workspace/java_web_programming/weekeight/moviesearch_dkittle/src/main/resources
2019-12-18 19:58:03,791 [Worker-3: Building workspace] WARN  o.e.m.c.i.embedder.EclipseLogger - Using platform encoding (UTF-8 actually) to copy filtered resources, i.e. build is platform dependent!
2019-12-18 19:58:03,792 [Worker-3: Building workspace] INFO  o.e.m.c.i.embedder.EclipseLogger - skip non existing resourceDirectory /Users/david.kittle/development/cvtc_workspace/java_web_programming/weekeight/moviesearch_dkittle/src/test/resources
2019-12-18 20:09:01,529 [Worker-21: Building workspace] WARN  o.e.m.c.i.embedder.EclipseLogger - Using platform encoding (UTF-8 actually) to copy filtered resources, i.e. build is platform dependent!
2019-12-18 20:09:01,530 [Worker-21: Building workspace] INFO  o.e.m.c.i.embedder.EclipseLogger - skip non existing resourceDirectory /Users/david.kittle/development/cvtc_workspace/java_web_programming/weeksix/mavenexample_dkittle/src/main/resources
2019-12-18 20:09:01,532 [Worker-21: Building workspace] WARN  o.e.m.c.i.embedder.EclipseLogger - Using platform encoding (UTF-8 actually) to copy filtered resources, i.e. build is platform dependent!
2019-12-18 20:09:01,537 [Worker-21: Building workspace] INFO  o.e.m.c.i.embedder.EclipseLogger - skip non existing resourceDirectory /Users/david.kittle/development/cvtc_workspace/java_web_programming/weeksix/mavenexample_dkittle/src/test/resources
2019-12-18 20:10:14,039 [Worker-20: Building workspace] INFO  o.e.m.c.i.l.LifecycleMappingFactory - Using org.maven.ide.eclipse.wtp.WarLifecycleMapping lifecycle mapping for MavenProject: MavenExample:MavenExample:0.0.1-SNAPSHOT @ /Users/david.kittle/Desktop/secondsemister/secondeightweeks/java_web_programming/weeekfive/MavenExample_dkittlez/pom.xml.
2019-12-18 20:10:14,573 [Worker-20: Building workspace] WARN  o.e.m.c.i.embedder.EclipseLogger - Using platform encoding (UTF-8 actually) to copy filtered resources, i.e. build is platform dependent!
2019-12-18 20:10:14,574 [Worker-20: Building workspace] INFO  o.e.m.c.i.embedder.EclipseLogger - skip non existing resourceDirectory /Users/david.kittle/Desktop/secondsemister/secondeightweeks/java_web_programming/weeekfive/MavenExample_dkittlez/src/main/resources
2019-12-18 20:10:14,575 [Worker-20: Building workspace] WARN  o.e.m.c.i.embedder.EclipseLogger - Using platform encoding (UTF-8 actually) to copy filtered resources, i.e. build is platform dependent!
2019-12-18 20:10:14,576 [Worker-20: Building workspace] INFO  o.e.m.c.i.embedder.EclipseLogger - skip non existing resourceDirectory /Users/david.kittle/Desktop/secondsemister/secondeightweeks/java_web_programming/weeekfive/MavenExample_dkittlez/src/test/resources
2019-12-18 20:10:14,697 [Worker-23: Updating Maven Dependencies] INFO  o.e.m.c.i.l.LifecycleMappingFactory - Using org.maven.ide.eclipse.wtp.WarLifecycleMapping lifecycle mapping for MavenProject: MavenExample:MavenExample:0.0.1-SNAPSHOT @ /Users/david.kittle/Desktop/secondsemister/secondeightweeks/java_web_programming/weeekfive/MavenExample_dkittlez/pom.xml.
2019-12-18 20:10:16,388 [Worker-24: Building workspace] WARN  o.e.m.c.i.embedder.EclipseLogger - Using platform encoding (UTF-8 actually) to copy filtered resources, i.e. build is platform dependent!
2019-12-18 20:10:16,389 [Worker-24: Building workspace] INFO  o.e.m.c.i.embedder.EclipseLogger - skip non existing resourceDirectory /Users/david.kittle/Desktop/secondsemister/secondeightweeks/java_web_programming/weeekfive/MavenExample_dkittlez/src/main/resources
2019-12-18 20:10:16,390 [Worker-24: Building workspace] WARN  o.e.m.c.i.embedder.EclipseLogger - Using platform encoding (UTF-8 actually) to copy filtered resources, i.e. build is platform dependent!
2019-12-18 20:10:16,393 [Worker-24: Building workspace] INFO  o.e.m.c.i.embedder.EclipseLogger - skip non existing resourceDirectory /Users/david.kittle/Desktop/secondsemister/secondeightweeks/java_web_programming/weeekfive/MavenExample_dkittlez/src/test/resources
2019-12-18 20:11:53,942 [Worker-7: Building workspace] INFO  o.e.m.c.i.l.LifecycleMappingFactory - Using org.maven.ide.eclipse.wtp.WarLifecycleMapping lifecycle mapping for MavenProject: MavenExample:MavenExample:0.0.1-SNAPSHOT @ /Users/david.kittle/Desktop/secondsemister/secondeightweeks/java_web_programming/weeekfive/MavenExample_dkittle/pom.xml.
2019-12-18 20:11:54,265 [Worker-7: Building workspace] WARN  o.e.m.c.i.embedder.EclipseLogger - Using platform encoding (UTF-8 actually) to copy filtered resources, i.e. build is platform dependent!
2019-12-18 20:11:54,267 [Worker-7: Building workspace] INFO  o.e.m.c.i.embedder.EclipseLogger - skip non existing resourceDirectory /Users/david.kittle/Desktop/secondsemister/secondeightweeks/java_web_programming/weeekfive/MavenExample_dkittle/src/main/resources
2019-12-18 20:11:54,268 [Worker-7: Building workspace] WARN  o.e.m.c.i.embedder.EclipseLogger - Using platform encoding (UTF-8 actually) to copy filtered resources, i.e. build is platform dependent!
2019-12-18 20:11:54,270 [Worker-7: Building workspace] INFO  o.e.m.c.i.embedder.EclipseLogger - skip non existing resourceDirectory /Users/david.kittle/Desktop/secondsemister/secondeightweeks/java_web_programming/weeekfive/MavenExample_dkittle/src/test/resources
2019-12-18 20:11:54,589 [Worker-21: Updating Maven Dependencies] INFO  o.e.m.c.i.l.LifecycleMappingFactory - Using org.maven.ide.eclipse.wtp.WarLifecycleMapping lifecycle mapping for MavenProject: MavenExample:MavenExample:0.0.1-SNAPSHOT @ /Users/david.kittle/Desktop/secondsemister/secondeightweeks/java_web_programming/weeekfive/MavenExample_dkittle/pom.xml.
2019-12-18 20:11:55,552 [Worker-21: Building workspace] WARN  o.e.m.c.i.embedder.EclipseLogger - Using platform encoding (UTF-8 actually) to copy filtered resources, i.e. build is platform dependent!
2019-12-18 20:11:55,553 [Worker-21: Building workspace] INFO  o.e.m.c.i.embedder.EclipseLogger - skip non existing resourceDirectory /Users/david.kittle/Desktop/secondsemister/secondeightweeks/java_web_programming/weeekfive/MavenExample_dkittle/src/main/resources
2019-12-18 20:11:55,554 [Worker-21: Building workspace] WARN  o.e.m.c.i.embedder.EclipseLogger - Using platform encoding (UTF-8 actually) to copy filtered resources, i.e. build is platform dependent!
2019-12-18 20:11:55,555 [Worker-21: Building workspace] INFO  o.e.m.c.i.embedder.EclipseLogger - skip non existing resourceDirectory /Users/david.kittle/Desktop/secondsemister/secondeightweeks/java_web_programming/weeekfive/MavenExample_dkittle/src/test/resources
2019-12-18 20:13:46,766 [Worker-25: Building workspace] INFO  o.e.m.c.i.l.LifecycleMappingFactory - Using org.maven.ide.eclipse.wtp.WarLifecycleMapping lifecycle mapping for MavenProject: MavenExample:MavenExample:0.0.1-SNAPSHOT @ /Users/david.kittle/Desktop/secondsemister/secondeightweeks/java_web_programming/weeksix/mavenexample_dkittle/pom.xml.
2019-12-18 20:13:47,180 [Worker-25: Building workspace] WARN  o.e.m.c.i.embedder.EclipseLogger - Using platform encoding (UTF-8 actually) to copy filtered resources, i.e. build is platform dependent!
2019-12-18 20:13:47,182 [Worker-25: Building workspace] INFO  o.e.m.c.i.embedder.EclipseLogger - skip non existing resourceDirectory /Users/david.kittle/Desktop/secondsemister/secondeightweeks/java_web_programming/weeksix/mavenexample_dkittle/src/main/resources
2019-12-18 20:13:47,183 [Worker-25: Building workspace] WARN  o.e.m.c.i.embedder.EclipseLogger - Using platform encoding (UTF-8 actually) to copy filtered resources, i.e. build is platform dependent!
2019-12-18 20:13:47,185 [Worker-25: Building workspace] INFO  o.e.m.c.i.embedder.EclipseLogger - skip non existing resourceDirectory /Users/david.kittle/Desktop/secondsemister/secondeightweeks/java_web_programming/weeksix/mavenexample_dkittle/src/test/resources
2019-12-18 20:13:47,418 [Worker-7: Updating Maven Dependencies] INFO  o.e.m.c.i.l.LifecycleMappingFactory - Using org.maven.ide.eclipse.wtp.WarLifecycleMapping lifecycle mapping for MavenProject: MavenExample:MavenExample:0.0.1-SNAPSHOT @ /Users/david.kittle/Desktop/secondsemister/secondeightweeks/java_web_programming/weeksix/mavenexample_dkittle/pom.xml.
2019-12-18 20:13:48,837 [Worker-24: Building workspace] WARN  o.e.m.c.i.embedder.EclipseLogger - Using platform encoding (UTF-8 actually) to copy filtered resources, i.e. build is platform dependent!
2019-12-18 20:13:48,838 [Worker-24: Building workspace] INFO  o.e.m.c.i.embedder.EclipseLogger - skip non existing resourceDirectory /Users/david.kittle/Desktop/secondsemister/secondeightweeks/java_web_programming/weeksix/mavenexample_dkittle/src/main/resources
2019-12-18 20:13:48,924 [Worker-24: Building workspace] WARN  o.e.m.c.i.embedder.EclipseLogger - Using platform encoding (UTF-8 actually) to copy filtered resources, i.e. build is platform dependent!
2019-12-18 20:13:48,926 [Worker-24: Building workspace] INFO  o.e.m.c.i.embedder.EclipseLogger - skip non existing resourceDirectory /Users/david.kittle/Desktop/secondsemister/secondeightweeks/java_web_programming/weeksix/mavenexample_dkittle/src/test/resources
2019-12-18 20:20:59,800 [Worker-24: Building workspace] INFO  o.e.m.c.i.l.LifecycleMappingFactory - Using org.maven.ide.eclipse.wtp.WarLifecycleMapping lifecycle mapping for MavenProject: MavenExample:MavenExample:0.0.1-SNAPSHOT @ /Users/david.kittle/Desktop/mavenexample_dkittle/pom.xml.
2019-12-18 20:21:01,171 [Worker-24: Building workspace] WARN  o.e.m.c.i.embedder.EclipseLogger - Using platform encoding (UTF-8 actually) to copy filtered resources, i.e. build is platform dependent!
2019-12-18 20:21:01,172 [Worker-24: Building workspace] INFO  o.e.m.c.i.embedder.EclipseLogger - skip non existing resourceDirectory /Users/david.kittle/Desktop/mavenexample_dkittle/src/main/resources
2019-12-18 20:21:01,175 [Worker-24: Building workspace] WARN  o.e.m.c.i.embedder.EclipseLogger - Using platform encoding (UTF-8 actually) to copy filtered resources, i.e. build is platform dependent!
2019-12-18 20:21:01,176 [Worker-24: Building workspace] INFO  o.e.m.c.i.embedder.EclipseLogger - skip non existing resourceDirectory /Users/david.kittle/Desktop/mavenexample_dkittle/src/test/resources
2019-12-18 20:21:01,516 [Worker-22: Building workspace] WARN  o.e.m.c.i.embedder.EclipseLogger - Using platform encoding (UTF-8 actually) to copy filtered resources, i.e. build is platform dependent!
2019-12-18 20:21:01,517 [Worker-22: Building workspace] INFO  o.e.m.c.i.embedder.EclipseLogger - skip non existing resourceDirectory /Users/david.kittle/Desktop/mavenexample_dkittle/src/main/resources
2019-12-18 20:21:01,518 [Worker-22: Building workspace] WARN  o.e.m.c.i.embedder.EclipseLogger - Using platform encoding (UTF-8 actually) to copy filtered resources, i.e. build is platform dependent!
2019-12-18 20:21:01,519 [Worker-22: Building workspace] INFO  o.e.m.c.i.embedder.EclipseLogger - skip non existing resourceDirectory /Users/david.kittle/Desktop/mavenexample_dkittle/src/test/resources
2019-12-18 20:21:02,286 [Worker-7: Updating Maven Dependencies] INFO  o.e.m.c.i.l.LifecycleMappingFactory - Using org.maven.ide.eclipse.wtp.WarLifecycleMapping lifecycle mapping for MavenProject: MavenExample:MavenExample:0.0.1-SNAPSHOT @ /Users/david.kittle/Desktop/mavenexample_dkittle/pom.xml.
2019-12-18 20:21:19,716 [Worker-20: Building workspace] WARN  o.e.m.c.i.embedder.EclipseLogger - Using platform encoding (UTF-8 actually) to copy filtered resources, i.e. build is platform dependent!
2019-12-18 20:21:19,717 [Worker-20: Building workspace] INFO  o.e.m.c.i.embedder.EclipseLogger - skip non existing resourceDirectory /Users/david.kittle/Desktop/mavenexample_dkittle/src/main/resources
2019-12-18 20:21:19,719 [Worker-20: Building workspace] WARN  o.e.m.c.i.embedder.EclipseLogger - Using platform encoding (UTF-8 actually) to copy filtered resources, i.e. build is platform dependent!
2019-12-18 20:21:19,720 [Worker-20: Building workspace] INFO  o.e.m.c.i.embedder.EclipseLogger - skip non existing resourceDirectory /Users/david.kittle/Desktop/mavenexample_dkittle/src/test/resources
2019-12-18 20:32:39,707 [Worker-28: Updating Maven Dependencies] INFO  o.e.m.c.i.l.LifecycleMappingFactory - Using org.maven.ide.eclipse.wtp.WarLifecycleMapping lifecycle mapping for MavenProject: Movies_kittle:Movies_kittle:0.0.1-SNAPSHOT @ /Users/david.kittle/development/cvtc_workspace/java_web_programming/weekeight/moviesearch_dkittle/pom.xml.
2019-12-18 20:32:56,706 [Worker-31: Building workspace] WARN  o.e.m.c.i.embedder.EclipseLogger - Using platform encoding (UTF-8 actually) to copy filtered resources, i.e. build is platform dependent!
2019-12-18 20:32:56,707 [Worker-31: Building workspace] INFO  o.e.m.c.i.embedder.EclipseLogger - skip non existing resourceDirectory /Users/david.kittle/development/cvtc_workspace/java_web_programming/weekeight/moviesearch_dkittle/src/main/resources
2019-12-18 20:32:56,709 [Worker-31: Building workspace] WARN  o.e.m.c.i.embedder.EclipseLogger - Using platform encoding (UTF-8 actually) to copy filtered resources, i.e. build is platform dependent!
2019-12-18 20:32:56,710 [Worker-31: Building workspace] INFO  o.e.m.c.i.embedder.EclipseLogger - skip non existing resourceDirectory /Users/david.kittle/development/cvtc_workspace/java_web_programming/weekeight/moviesearch_dkittle/src/test/resources
2019-12-19 11:09:32,657 [Worker-6: Loading available Gradle versions] INFO  o.e.b.c.i.u.g.PublishedGradleVersions - Gradle version information cache is up-to-date. Trying to read.
2019-12-19 11:18:30,790 [Worker-15: Updating Maven Dependencies] INFO  o.e.m.c.i.l.LifecycleMappingFactory - Using org.maven.ide.eclipse.wtp.WarLifecycleMapping lifecycle mapping for MavenProject: Movies_kittle:Movies_kittle:0.0.1-SNAPSHOT @ /Users/david.kittle/development/cvtc_workspace/java_web_programming/weekeight/moviesearch_dkittle/pom.xml.
2019-12-19 11:18:50,891 [Worker-16: Building workspace] WARN  o.e.m.c.i.embedder.EclipseLogger - Using platform encoding (UTF-8 actually) to copy filtered resources, i.e. build is platform dependent!
2019-12-19 11:18:50,894 [Worker-16: Building workspace] INFO  o.e.m.c.i.embedder.EclipseLogger - skip non existing resourceDirectory /Users/david.kittle/development/cvtc_workspace/java_web_programming/weekeight/moviesearch_dkittle/src/main/resources
2019-12-19 11:18:50,898 [Worker-16: Building workspace] WARN  o.e.m.c.i.embedder.EclipseLogger - Using platform encoding (UTF-8 actually) to copy filtered resources, i.e. build is platform dependent!
2019-12-19 11:18:50,899 [Worker-16: Building workspace] INFO  o.e.m.c.i.embedder.EclipseLogger - skip non existing resourceDirectory /Users/david.kittle/development/cvtc_workspace/java_web_programming/weekeight/moviesearch_dkittle/src/test/resources
2019-12-19 11:22:45,109 [Worker-18: Building workspace] WARN  o.e.m.c.i.embedder.EclipseLogger - Using platform encoding (UTF-8 actually) to copy filtered resources, i.e. build is platform dependent!
2019-12-19 11:22:45,111 [Worker-18: Building workspace] INFO  o.e.m.c.i.embedder.EclipseLogger - skip non existing resourceDirectory /Users/david.kittle/development/cvtc_workspace/java_web_programming/weekeight/moviesearch_dkittle/src/main/resources
2019-12-19 11:22:45,113 [Worker-18: Building workspace] WARN  o.e.m.c.i.embedder.EclipseLogger - Using platform encoding (UTF-8 actually) to copy filtered resources, i.e. build is platform dependent!
2019-12-19 11:22:45,114 [Worker-18: Building workspace] INFO  o.e.m.c.i.embedder.EclipseLogger - skip non existing resourceDirectory /Users/david.kittle/development/cvtc_workspace/java_web_programming/weekeight/moviesearch_dkittle/src/test/resources
2019-12-19 11:26:24,378 [Worker-7: Building workspace] WARN  o.e.m.c.i.embedder.EclipseLogger - Using platform encoding (UTF-8 actually) to copy filtered resources, i.e. build is platform dependent!
2019-12-19 11:26:24,379 [Worker-7: Building workspace] INFO  o.e.m.c.i.embedder.EclipseLogger - skip non existing resourceDirectory /Users/david.kittle/development/cvtc_workspace/java_web_programming/weekeight/moviesearch_dkittle/src/main/resources
2019-12-19 11:26:24,381 [Worker-7: Building workspace] WARN  o.e.m.c.i.embedder.EclipseLogger - Using platform encoding (UTF-8 actually) to copy filtered resources, i.e. build is platform dependent!
2019-12-19 11:26:24,387 [Worker-7: Building workspace] INFO  o.e.m.c.i.embedder.EclipseLogger - skip non existing resourceDirectory /Users/david.kittle/development/cvtc_workspace/java_web_programming/weekeight/moviesearch_dkittle/src/test/resources
